<!DOCTYPE html>
<html>
  <head>
    <meta charset="utf-8"/>
    <title id="head-title">report.html</title>
      <style type="text/css">body {
  font-family: Helvetica, Arial, sans-serif;
  font-size: 12px;
  /* do not increase min-width as some may use split screens */
  min-width: 800px;
  color: #999;
}

h1 {
  font-size: 24px;
  color: black;
}

h2 {
  font-size: 16px;
  color: black;
}

p {
  color: black;
}

a {
  color: #999;
}

table {
  border-collapse: collapse;
}

/******************************
 * SUMMARY INFORMATION
 ******************************/
#environment td {
  padding: 5px;
  border: 1px solid #e6e6e6;
  vertical-align: top;
}
#environment tr:nth-child(odd) {
  background-color: #f6f6f6;
}
#environment ul {
  margin: 0;
  padding: 0 20px;
}

/******************************
 * TEST RESULT COLORS
 ******************************/
span.passed,
.passed .col-result {
  color: green;
}

span.skipped,
span.xfailed,
span.rerun,
.skipped .col-result,
.xfailed .col-result,
.rerun .col-result {
  color: orange;
}

span.error,
span.failed,
span.xpassed,
.error .col-result,
.failed .col-result,
.xpassed .col-result {
  color: red;
}

.col-links__extra {
  margin-right: 3px;
}

/******************************
 * RESULTS TABLE
 *
 * 1. Table Layout
 * 2. Extra
 * 3. Sorting items
 *
 ******************************/
/*------------------
 * 1. Table Layout
 *------------------*/
#results-table {
  border: 1px solid #e6e6e6;
  color: #999;
  font-size: 12px;
  width: 100%;
}
#results-table th,
#results-table td {
  padding: 5px;
  border: 1px solid #e6e6e6;
  text-align: left;
}
#results-table th {
  font-weight: bold;
}

/*------------------
 * 2. Extra
 *------------------*/
.logwrapper {
  max-height: 230px;
  overflow-y: scroll;
  background-color: #e6e6e6;
}
.logwrapper.expanded {
  max-height: none;
}
.logwrapper.expanded .logexpander:after {
  content: "collapse [-]";
}
.logwrapper .logexpander {
  z-index: 1;
  position: sticky;
  top: 10px;
  width: max-content;
  border: 1px solid;
  border-radius: 3px;
  padding: 5px 7px;
  margin: 10px 0 10px calc(100% - 80px);
  cursor: pointer;
  background-color: #e6e6e6;
}
.logwrapper .logexpander:after {
  content: "expand [+]";
}
.logwrapper .logexpander:hover {
  color: #000;
  border-color: #000;
}
.logwrapper .log {
  min-height: 40px;
  position: relative;
  top: -50px;
  height: calc(100% + 50px);
  border: 1px solid #e6e6e6;
  color: black;
  display: block;
  font-family: "Courier New", Courier, monospace;
  padding: 5px;
  padding-right: 80px;
  white-space: pre-wrap;
}

div.media {
  border: 1px solid #e6e6e6;
  float: right;
  height: 240px;
  margin: 0 5px;
  overflow: hidden;
  width: 320px;
}

.media-container {
  display: grid;
  grid-template-columns: 25px auto 25px;
  align-items: center;
  flex: 1 1;
  overflow: hidden;
  height: 200px;
}

.media-container--fullscreen {
  grid-template-columns: 0px auto 0px;
}

.media-container__nav--right,
.media-container__nav--left {
  text-align: center;
  cursor: pointer;
}

.media-container__viewport {
  cursor: pointer;
  text-align: center;
  height: inherit;
}
.media-container__viewport img,
.media-container__viewport video {
  object-fit: cover;
  width: 100%;
  max-height: 100%;
}

.media__name,
.media__counter {
  display: flex;
  flex-direction: row;
  justify-content: space-around;
  flex: 0 0 25px;
  align-items: center;
}

.collapsible td:not(.col-links) {
  cursor: pointer;
}
.collapsible td:not(.col-links):hover::after {
  color: #bbb;
  font-style: italic;
  cursor: pointer;
}

.col-result {
  width: 130px;
}
.col-result:hover::after {
  content: " (hide details)";
}

.col-result.collapsed:hover::after {
  content: " (show details)";
}

#environment-header h2:hover::after {
  content: " (hide details)";
  color: #bbb;
  font-style: italic;
  cursor: pointer;
  font-size: 12px;
}

#environment-header.collapsed h2:hover::after {
  content: " (show details)";
  color: #bbb;
  font-style: italic;
  cursor: pointer;
  font-size: 12px;
}

/*------------------
 * 3. Sorting items
 *------------------*/
.sortable {
  cursor: pointer;
}
.sortable.desc:after {
  content: " ";
  position: relative;
  left: 5px;
  bottom: -12.5px;
  border: 10px solid #4caf50;
  border-bottom: 0;
  border-left-color: transparent;
  border-right-color: transparent;
}
.sortable.asc:after {
  content: " ";
  position: relative;
  left: 5px;
  bottom: 12.5px;
  border: 10px solid #4caf50;
  border-top: 0;
  border-left-color: transparent;
  border-right-color: transparent;
}

.hidden, .summary__reload__button.hidden {
  display: none;
}

.summary__data {
  flex: 0 0 550px;
}
.summary__reload {
  flex: 1 1;
  display: flex;
  justify-content: center;
}
.summary__reload__button {
  flex: 0 0 300px;
  display: flex;
  color: white;
  font-weight: bold;
  background-color: #4caf50;
  text-align: center;
  justify-content: center;
  align-items: center;
  border-radius: 3px;
  cursor: pointer;
}
.summary__reload__button:hover {
  background-color: #46a049;
}
.summary__spacer {
  flex: 0 0 550px;
}

.controls {
  display: flex;
  justify-content: space-between;
}

.filters,
.collapse {
  display: flex;
  align-items: center;
}
.filters button,
.collapse button {
  color: #999;
  border: none;
  background: none;
  cursor: pointer;
  text-decoration: underline;
}
.filters button:hover,
.collapse button:hover {
  color: #ccc;
}

.filter__label {
  margin-right: 10px;
}

      </style>
    
  </head>
  <body>
    <h1 id="title">report.html</h1>
    <p>Report generated on 14-Oct-2024 at 12:16:45 by <a href="https://pypi.python.org/pypi/pytest-html">pytest-html</a>
        v4.1.1</p>
    <div id="environment-header">
      <h2>Environment</h2>
    </div>
    <table id="environment"></table>
    <!-- TEMPLATES -->
      <template id="template_environment_row">
      <tr>
        <td></td>
        <td></td>
      </tr>
    </template>
    <template id="template_results-table__body--empty">
      <tbody class="results-table-row">
        <tr id="not-found-message">
          <td colspan="4">No results found. Check the filters.</th>
        </tr>
    </template>
    <template id="template_results-table__tbody">
      <tbody class="results-table-row">
        <tr class="collapsible">
        </tr>
        <tr class="extras-row">
          <td class="extra" colspan="4">
            <div class="extraHTML"></div>
            <div class="media">
              <div class="media-container">
                  <div class="media-container__nav--left"><</div>
                  <div class="media-container__viewport">
                    <img src="" />
                    <video controls>
                      <source src="" type="video/mp4">
                    </video>
                  </div>
                  <div class="media-container__nav--right">></div>
                </div>
                <div class="media__name"></div>
                <div class="media__counter"></div>
            </div>
            <div class="logwrapper">
              <div class="logexpander"></div>
              <div class="log"></div>
            </div>
          </td>
        </tr>
      </tbody>
    </template>
    <!-- END TEMPLATES -->
    <div class="summary">
      <div class="summary__data">
        <h2>Summary</h2>
        <div class="additional-summary prefix">
        </div>
        <p class="run-count">19 tests took 00:01:41.</p>
        <p class="filter">(Un)check the boxes to filter the results.</p>
        <div class="summary__reload">
          <div class="summary__reload__button hidden" onclick="location.reload()">
            <div>There are still tests running. <br />Reload this page to get the latest results!</div>
          </div>
        </div>
        <div class="summary__spacer"></div>
        <div class="controls">
          <div class="filters">
            <input checked="true" class="filter" name="filter_checkbox" type="checkbox" data-test-result="failed" />
            <span class="failed">10 Failed,</span>
            <input checked="true" class="filter" name="filter_checkbox" type="checkbox" data-test-result="passed" />
            <span class="passed">9 Passed,</span>
            <input checked="true" class="filter" name="filter_checkbox" type="checkbox" data-test-result="skipped" disabled/>
            <span class="skipped">0 Skipped,</span>
            <input checked="true" class="filter" name="filter_checkbox" type="checkbox" data-test-result="xfailed" disabled/>
            <span class="xfailed">0 Expected failures,</span>
            <input checked="true" class="filter" name="filter_checkbox" type="checkbox" data-test-result="xpassed" disabled/>
            <span class="xpassed">0 Unexpected passes,</span>
            <input checked="true" class="filter" name="filter_checkbox" type="checkbox" data-test-result="error" disabled/>
            <span class="error">0 Errors,</span>
            <input checked="true" class="filter" name="filter_checkbox" type="checkbox" data-test-result="rerun" disabled/>
            <span class="rerun">0 Reruns</span>
          </div>
          <div class="collapse">
            <button id="show_all_details">Show all details</button>&nbsp;/&nbsp;<button id="hide_all_details">Hide all details</button>
          </div>
        </div>
      </div>
      <div class="additional-summary summary">
      </div>
      <div class="additional-summary postfix">
      </div>
    </div>
    <table id="results-table">
      <thead id="results-table-head">
        <tr>
          <th class="sortable" data-column-type="result">Result</th>
          <th class="sortable" data-column-type="testId">Test</th>
          <th class="sortable" data-column-type="duration">Duration</th>
          <th>Links</th>
        </tr>
      </thead>
    </table>
  </body>
  <footer>
    <div id="data-container" data-jsonblob="{&#34;environment&#34;: {&#34;Python&#34;: &#34;3.10.12&#34;, &#34;Platform&#34;: &#34;Linux-6.5.0-1025-azure-x86_64-with-glibc2.35&#34;, &#34;Packages&#34;: {&#34;pytest&#34;: &#34;8.3.3&#34;, &#34;pluggy&#34;: &#34;1.5.0&#34;}, &#34;Plugins&#34;: {&#34;metadata&#34;: &#34;3.1.1&#34;, &#34;html&#34;: &#34;4.1.1&#34;}, &#34;CI&#34;: &#34;true&#34;, &#34;JAVA_HOME&#34;: &#34;/usr/lib/jvm/temurin-11-jdk-amd64&#34;}, &#34;tests&#34;: {&#34;test_create_component.py::test_ctf_from_ca&#34;: [{&#34;extras&#34;: [], &#34;result&#34;: &#34;Passed&#34;, &#34;testId&#34;: &#34;test_create_component.py::test_ctf_from_ca&#34;, &#34;duration&#34;: &#34;00:00:02&#34;, &#34;resultsTableRow&#34;: [&#34;&lt;td class=\&#34;col-result\&#34;&gt;Passed&lt;/td&gt;&#34;, &#34;&lt;td class=\&#34;col-testId\&#34;&gt;test_create_component.py::test_ctf_from_ca&lt;/td&gt;&#34;, &#34;&lt;td class=\&#34;col-duration\&#34;&gt;00:00:02&lt;/td&gt;&#34;, &#34;&lt;td class=\&#34;col-links\&#34;&gt;&lt;/td&gt;&#34;], &#34;log&#34;: &#34;----------------------------- Captured stdout call -----------------------------\nGenerating in /home/runner/work/ocm-integrationtest/ocm-integrationtest/gen\nGenerating transport archive in /home/runner/work/ocm-integrationtest/ocm-integrationtest/gen/ca\nRunning: [&amp;#x27;ocm&amp;#x27;, &amp;#x27;create&amp;#x27;, &amp;#x27;componentarchive&amp;#x27;, &amp;#x27;-f&amp;#x27;, &amp;#x27;ocm.integrationtest/echo&amp;#x27;, &amp;#x27;1.0.0&amp;#x27;, &amp;#x27;--provider&amp;#x27;, &amp;#x27;ocm.integrationtest&amp;#x27;, &amp;#x27;--file&amp;#x27;, &amp;#x27;/home/runner/work/ocm-integrationtest/ocm-integrationtest/gen/ca&amp;#x27;]\n\nRunning: [&amp;#x27;ocm&amp;#x27;, &amp;#x27;add&amp;#x27;, &amp;#x27;sources&amp;#x27;, &amp;#x27;/home/runner/work/ocm-integrationtest/ocm-integrationtest/gen/ca&amp;#x27;, &amp;#x27;/home/runner/work/ocm-integrationtest/ocm-integrationtest/gen/sources.yaml&amp;#x27;]\nprocessing /home/runner/work/ocm-integrationtest/ocm-integrationtest/gen/sources.yaml...\n  processing document 1...\n    processing index 1\nfound 1 source\nadding source filesystem: &amp;quot;name&amp;quot;=&amp;quot;source&amp;quot;,&amp;quot;version&amp;quot;=&amp;quot;1.0.0&amp;quot;...\n\nRunning: [&amp;#x27;ocm&amp;#x27;, &amp;#x27;add&amp;#x27;, &amp;#x27;resources&amp;#x27;, &amp;#x27;/home/runner/work/ocm-integrationtest/ocm-integrationtest/gen/ca&amp;#x27;, &amp;#x27;/home/runner/work/ocm-integrationtest/ocm-integrationtest/gen/resources.yaml&amp;#x27;]\nprocessing /home/runner/work/ocm-integrationtest/ocm-integrationtest/gen/resources.yaml...\n  processing document 1...\n    processing index 1\n  processing document 2...\n    processing index 1\nfound 2 resources\nadding resource helmChart: &amp;quot;name&amp;quot;=&amp;quot;chart&amp;quot;,&amp;quot;version&amp;quot;=&amp;quot;&amp;lt;componentversion&amp;gt;&amp;quot;...\nadding resource ociImage: &amp;quot;name&amp;quot;=&amp;quot;image&amp;quot;,&amp;quot;version&amp;quot;=&amp;quot;1.10&amp;quot;...\n\nRunning: [&amp;#x27;ocm&amp;#x27;, &amp;#x27;transfer&amp;#x27;, &amp;#x27;componentarchive&amp;#x27;, &amp;#x27;-f&amp;#x27;, &amp;#x27;/home/runner/work/ocm-integrationtest/ocm-integrationtest/gen/ca&amp;#x27;, &amp;#x27;/home/runner/work/ocm-integrationtest/ocm-integrationtest/gen/ctf&amp;#x27;]\ntransferring version &amp;quot;ocm.integrationtest/echo:1.0.0&amp;quot;...\n...resource 0 chart[helmChart](ocm.integrationtest/echo/echoserver:0.1.0)...\n...adding component version...\n\nextracting file &amp;lt;TarInfo &amp;#x27;component-descriptor.yaml&amp;#x27; at 0x7f4ebcceac80&amp;gt;\n&#34;}], &#34;test_create_component.py::test_ctf_from_component_yaml&#34;: [{&#34;extras&#34;: [], &#34;result&#34;: &#34;Passed&#34;, &#34;testId&#34;: &#34;test_create_component.py::test_ctf_from_component_yaml&#34;, &#34;duration&#34;: &#34;00:00:01&#34;, &#34;resultsTableRow&#34;: [&#34;&lt;td class=\&#34;col-result\&#34;&gt;Passed&lt;/td&gt;&#34;, &#34;&lt;td class=\&#34;col-testId\&#34;&gt;test_create_component.py::test_ctf_from_component_yaml&lt;/td&gt;&#34;, &#34;&lt;td class=\&#34;col-duration\&#34;&gt;00:00:01&lt;/td&gt;&#34;, &#34;&lt;td class=\&#34;col-links\&#34;&gt;&lt;/td&gt;&#34;], &#34;log&#34;: &#34;----------------------------- Captured stdout call -----------------------------\nGenerating in /home/runner/work/ocm-integrationtest/ocm-integrationtest/gen\nGenerating transport archive in /home/runner/work/ocm-integrationtest/ocm-integrationtest/gen/ctf\nCalling ocm: add componentversions --create --file /home/runner/work/ocm-integrationtest/ocm-integrationtest/gen/ctf /home/runner/work/ocm-integrationtest/ocm-integrationtest/gen/component.yaml\nRunning: [&amp;#x27;ocm&amp;#x27;, &amp;#x27;add&amp;#x27;, &amp;#x27;componentversions&amp;#x27;, &amp;#x27;--create&amp;#x27;, &amp;#x27;--file&amp;#x27;, &amp;#x27;/home/runner/work/ocm-integrationtest/ocm-integrationtest/gen/ctf&amp;#x27;, &amp;#x27;/home/runner/work/ocm-integrationtest/ocm-integrationtest/gen/component.yaml&amp;#x27;]\nprocessing /home/runner/work/ocm-integrationtest/ocm-integrationtest/gen/component.yaml...\n  processing document 1...\n    processing index 1\nfound 1 component\nadding component ocm.integrationtest/echo:1.0.0...\n  adding source filesystem: &amp;quot;name&amp;quot;=&amp;quot;source&amp;quot;,&amp;quot;version&amp;quot;=&amp;quot;1.0.0&amp;quot;...\n  adding resource helmChart: &amp;quot;name&amp;quot;=&amp;quot;chart&amp;quot;,&amp;quot;version&amp;quot;=&amp;quot;&amp;lt;componentversion&amp;gt;&amp;quot;...\n  adding resource ociImage: &amp;quot;name&amp;quot;=&amp;quot;image&amp;quot;,&amp;quot;version&amp;quot;=&amp;quot;1.10&amp;quot;...\n\nextracting file &amp;lt;TarInfo &amp;#x27;component-descriptor.yaml&amp;#x27; at 0x7f4ebcceaec0&amp;gt;\n&#34;}], &#34;test_create_component.py::test_reference&#34;: [{&#34;extras&#34;: [], &#34;result&#34;: &#34;Passed&#34;, &#34;testId&#34;: &#34;test_create_component.py::test_reference&#34;, &#34;duration&#34;: &#34;00:00:02&#34;, &#34;resultsTableRow&#34;: [&#34;&lt;td class=\&#34;col-result\&#34;&gt;Passed&lt;/td&gt;&#34;, &#34;&lt;td class=\&#34;col-testId\&#34;&gt;test_create_component.py::test_reference&lt;/td&gt;&#34;, &#34;&lt;td class=\&#34;col-duration\&#34;&gt;00:00:02&lt;/td&gt;&#34;, &#34;&lt;td class=\&#34;col-links\&#34;&gt;&lt;/td&gt;&#34;], &#34;log&#34;: &#34;----------------------------- Captured stdout call -----------------------------\nGenerating in /home/runner/work/ocm-integrationtest/ocm-integrationtest/gen\nGenerating transport archive in /home/runner/work/ocm-integrationtest/ocm-integrationtest/gen/ctf\nCalling ocm: add componentversions --create --file /home/runner/work/ocm-integrationtest/ocm-integrationtest/gen/ctf /home/runner/work/ocm-integrationtest/ocm-integrationtest/gen/component.yaml\nRunning: [&amp;#x27;ocm&amp;#x27;, &amp;#x27;add&amp;#x27;, &amp;#x27;componentversions&amp;#x27;, &amp;#x27;--create&amp;#x27;, &amp;#x27;--file&amp;#x27;, &amp;#x27;/home/runner/work/ocm-integrationtest/ocm-integrationtest/gen/ctf&amp;#x27;, &amp;#x27;/home/runner/work/ocm-integrationtest/ocm-integrationtest/gen/component.yaml&amp;#x27;]\nprocessing /home/runner/work/ocm-integrationtest/ocm-integrationtest/gen/component.yaml...\n  processing document 1...\n    processing index 1\n    processing index 2\nfound 2 components\nadding component ocm.integrationtest/helper:1.0.0...\n  adding resource ociImage: &amp;quot;name&amp;quot;=&amp;quot;pause_image&amp;quot;,&amp;quot;version&amp;quot;=&amp;quot;3.2.0&amp;quot;...\nadding component ocm.integrationtest/echo:1.0.0...\n  adding source filesystem: &amp;quot;name&amp;quot;=&amp;quot;source&amp;quot;,&amp;quot;version&amp;quot;=&amp;quot;1.0.0&amp;quot;...\n  adding resource helmChart: &amp;quot;name&amp;quot;=&amp;quot;chart&amp;quot;,&amp;quot;version&amp;quot;=&amp;quot;&amp;lt;componentversion&amp;gt;&amp;quot;...\n  adding resource ociImage: &amp;quot;name&amp;quot;=&amp;quot;image&amp;quot;,&amp;quot;version&amp;quot;=&amp;quot;1.10&amp;quot;...\n  adding reference ocm.integrationtest/helper: &amp;quot;name&amp;quot;=&amp;quot;childcomp&amp;quot;,&amp;quot;version&amp;quot;=&amp;quot;1.0.0&amp;quot;...\n\nextracting file &amp;lt;TarInfo &amp;#x27;component-descriptor.yaml&amp;#x27; at 0x7f4ebcceb1c0&amp;gt;\n&#34;}], &#34;test_create_component.py::test_push_plain&#34;: [{&#34;extras&#34;: [], &#34;result&#34;: &#34;Failed&#34;, &#34;testId&#34;: &#34;test_create_component.py::test_push_plain&#34;, &#34;duration&#34;: &#34;00:00:02&#34;, &#34;resultsTableRow&#34;: [&#34;&lt;td class=\&#34;col-result\&#34;&gt;Failed&lt;/td&gt;&#34;, &#34;&lt;td class=\&#34;col-testId\&#34;&gt;test_create_component.py::test_push_plain&lt;/td&gt;&#34;, &#34;&lt;td class=\&#34;col-duration\&#34;&gt;00:00:02&lt;/td&gt;&#34;, &#34;&lt;td class=\&#34;col-links\&#34;&gt;&lt;/td&gt;&#34;], &#34;log&#34;: &#34;ctx = OcmTestContext(repo_prefix=&amp;#x27;fv-az2022-74.0wghqxblpstuvimudcj3wileth.dx.internal.cloudapp.net&amp;#x27;, repo_host=&amp;#x27;fv-az2022-74...epo_dir=&amp;#x27;fv-az2022-74.0wghqxblpstuvimudcj3wileth.dx.internal.cloudapp.net&amp;#x27;, user_name=&amp;#x27;ocmuser&amp;#x27;, passwd=&amp;#x27;N&amp;amp;LLiijFo36z&amp;#x27;)\n\n    def test_push_plain(ctx: OcmTestContext):\n        repo_url = util.get_repo_url(ctx)\n        cli = get_push_cli(repo_url)\n        cli.push(force=True)\n    \n        # get uploaded component descriptor\n        oci = util.get_oci_client(ctx, repo_url)\n        cd = get_remote_cd(oci)\n    \n        chart_reference=f&amp;#x27;{repo_url}/{provider}/echo/echoserver:0.1.0&amp;#x27;\n        td = TestData()\n        td.verify_root_elems(cd)\n        chart = cd.component.resources[0]\n&amp;gt;       td.verify_chart_remote(chart, image_reference=chart_reference)\n\ntests/test_create_component.py:193: \n_ _ _ _ _ _ _ _ _ _ _ _ _ _ _ _ _ _ _ _ _ _ _ _ _ _ _ _ _ _ _ _ _ _ _ _ _ _ _ _ \n\nself = TestData()\nchart = Resource(name=&amp;#x27;chart&amp;#x27;, version=&amp;#x27;1.0.0&amp;#x27;, type=&amp;lt;ArtefactType.HELM_CHART: &amp;#x27;helmChart/v1&amp;#x27;&amp;gt;, access=OciAccess(type=&amp;lt;AccessT...39de1de607ae909f390915b11a1c7fe&amp;#x27;), extraIdentity={}, relation=&amp;lt;ResourceRelation.LOCAL: &amp;#x27;local&amp;#x27;&amp;gt;, labels=(), srcRefs=())\nimage_reference = &amp;#x27;fv-az2022-74.0wghqxblpstuvimudcj3wileth.dx.internal.cloudapp.net/inttest/ocm.integrationtest/echo/echoserver:0.1.0&amp;#x27;\n\n    def verify_chart_remote(self, chart: cm.Resource, image_reference: str):\n        assert chart.name == &amp;#x27;chart&amp;#x27;\n        assert chart.type == cm.ArtefactType.HELM_CHART\n        assert chart.relation == cm.ResourceRelation.LOCAL\n        assert chart.version == &amp;#x27;1.0.0&amp;#x27;\n        assert chart.access.type == cm.AccessType.OCI_REGISTRY\n        assert type(chart.access) == cm.OciAccess\n&amp;gt;       assert chart.access.imageReference == image_reference\nE       AssertionError\n\ntests/create_comp.py:159: AssertionError\n\n----------------------------- Captured stdout call -----------------------------\nGenerating in /home/runner/work/ocm-integrationtest/ocm-integrationtest/gen\nGenerating transport archive in /home/runner/work/ocm-integrationtest/ocm-integrationtest/gen/ctf\nCalling ocm: add componentversions --create --file /home/runner/work/ocm-integrationtest/ocm-integrationtest/gen/ctf /home/runner/work/ocm-integrationtest/ocm-integrationtest/gen/component.yaml\nRunning: [&amp;#x27;ocm&amp;#x27;, &amp;#x27;add&amp;#x27;, &amp;#x27;componentversions&amp;#x27;, &amp;#x27;--create&amp;#x27;, &amp;#x27;--file&amp;#x27;, &amp;#x27;/home/runner/work/ocm-integrationtest/ocm-integrationtest/gen/ctf&amp;#x27;, &amp;#x27;/home/runner/work/ocm-integrationtest/ocm-integrationtest/gen/component.yaml&amp;#x27;]\nprocessing /home/runner/work/ocm-integrationtest/ocm-integrationtest/gen/component.yaml...\n  processing document 1...\n    processing index 1\nfound 1 component\nadding component ocm.integrationtest/echo:1.0.0...\n  adding source filesystem: &amp;quot;name&amp;quot;=&amp;quot;source&amp;quot;,&amp;quot;version&amp;quot;=&amp;quot;1.0.0&amp;quot;...\n  adding resource helmChart: &amp;quot;name&amp;quot;=&amp;quot;chart&amp;quot;,&amp;quot;version&amp;quot;=&amp;quot;&amp;lt;componentversion&amp;gt;&amp;quot;...\n  adding resource ociImage: &amp;quot;name&amp;quot;=&amp;quot;image&amp;quot;,&amp;quot;version&amp;quot;=&amp;quot;1.10&amp;quot;...\n\nRunning: [&amp;#x27;ocm&amp;#x27;, &amp;#x27;transfer&amp;#x27;, &amp;#x27;ctf&amp;#x27;, &amp;#x27;-f&amp;#x27;, &amp;#x27;/home/runner/work/ocm-integrationtest/ocm-integrationtest/gen/ctf&amp;#x27;, &amp;#x27;fv-az2022-74.0wghqxblpstuvimudcj3wileth.dx.internal.cloudapp.net/inttest&amp;#x27;]\ntransferring component &amp;quot;ocm.integrationtest/echo&amp;quot;...\n  transferring version &amp;quot;ocm.integrationtest/echo:1.0.0&amp;quot;...\n  ...resource 0 chart[helmChart](ocm.integrationtest/echo/echoserver:0.1.0)...\n  ...adding component version...\n\nRetrieving component-descriptor from fv-az2022-74.0wghqxblpstuvimudcj3wileth.dx.internal.cloudapp.net/inttest/component-descriptors/ocm.integrationtest/echo:1.0.0\nRetrieving component-descriptor from fv-az2022-74.0wghqxblpstuvimudcj3wileth.dx.internal.cloudapp.net/inttest/component-descriptors/ocm.integrationtest/echo:1.0.0\n&#34;}], &#34;test_create_component.py::test_push_by_value&#34;: [{&#34;extras&#34;: [], &#34;result&#34;: &#34;Failed&#34;, &#34;testId&#34;: &#34;test_create_component.py::test_push_by_value&#34;, &#34;duration&#34;: &#34;00:00:10&#34;, &#34;resultsTableRow&#34;: [&#34;&lt;td class=\&#34;col-result\&#34;&gt;Failed&lt;/td&gt;&#34;, &#34;&lt;td class=\&#34;col-testId\&#34;&gt;test_create_component.py::test_push_by_value&lt;/td&gt;&#34;, &#34;&lt;td class=\&#34;col-duration\&#34;&gt;00:00:10&lt;/td&gt;&#34;, &#34;&lt;td class=\&#34;col-links\&#34;&gt;&lt;/td&gt;&#34;], &#34;log&#34;: &#34;ctx = OcmTestContext(repo_prefix=&amp;#x27;fv-az2022-74.0wghqxblpstuvimudcj3wileth.dx.internal.cloudapp.net&amp;#x27;, repo_host=&amp;#x27;fv-az2022-74...epo_dir=&amp;#x27;fv-az2022-74.0wghqxblpstuvimudcj3wileth.dx.internal.cloudapp.net&amp;#x27;, user_name=&amp;#x27;ocmuser&amp;#x27;, passwd=&amp;#x27;N&amp;amp;LLiijFo36z&amp;#x27;)\n\n    def test_push_by_value(ctx: OcmTestContext):\n        repo_url = util.get_repo_url(ctx)\n        cli = get_push_cli(repo_url)\n        cli.push(force=True, by_value=True, )\n    \n        # check that contained artifacts are uploaded:\n        oci = util.get_oci_client(ctx, repo_url)\n        cd = get_remote_cd(oci)\n    \n        chart_reference=f&amp;#x27;{repo_url}/{provider}/echo/echoserver:0.1.0&amp;#x27;\n        image_reference=f&amp;#x27;{repo_url}/google_containers/echoserver:1.10&amp;#x27;\n    \n        td = TestData()\n        td.verify_root_elems(cd)\n        chart = cd.component.resources[0]\n&amp;gt;       td.verify_chart_remote(chart, image_reference=chart_reference)\n\ntests/test_create_component.py:260: \n_ _ _ _ _ _ _ _ _ _ _ _ _ _ _ _ _ _ _ _ _ _ _ _ _ _ _ _ _ _ _ _ _ _ _ _ _ _ _ _ \n\nself = TestData()\nchart = Resource(name=&amp;#x27;chart&amp;#x27;, version=&amp;#x27;1.0.0&amp;#x27;, type=&amp;lt;ArtefactType.HELM_CHART: &amp;#x27;helmChart/v1&amp;#x27;&amp;gt;, access=OciAccess(type=&amp;lt;AccessT...96cce80c3fb45a9b564e9f9d65487f2&amp;#x27;), extraIdentity={}, relation=&amp;lt;ResourceRelation.LOCAL: &amp;#x27;local&amp;#x27;&amp;gt;, labels=(), srcRefs=())\nimage_reference = &amp;#x27;fv-az2022-74.0wghqxblpstuvimudcj3wileth.dx.internal.cloudapp.net/inttest/ocm.integrationtest/echo/echoserver:0.1.0&amp;#x27;\n\n    def verify_chart_remote(self, chart: cm.Resource, image_reference: str):\n        assert chart.name == &amp;#x27;chart&amp;#x27;\n        assert chart.type == cm.ArtefactType.HELM_CHART\n        assert chart.relation == cm.ResourceRelation.LOCAL\n        assert chart.version == &amp;#x27;1.0.0&amp;#x27;\n        assert chart.access.type == cm.AccessType.OCI_REGISTRY\n        assert type(chart.access) == cm.OciAccess\n&amp;gt;       assert chart.access.imageReference == image_reference\nE       AssertionError\n\ntests/create_comp.py:159: AssertionError\n\n----------------------------- Captured stdout call -----------------------------\nGenerating in /home/runner/work/ocm-integrationtest/ocm-integrationtest/gen\nGenerating transport archive in /home/runner/work/ocm-integrationtest/ocm-integrationtest/gen/ctf\nCalling ocm: add componentversions --create --file /home/runner/work/ocm-integrationtest/ocm-integrationtest/gen/ctf /home/runner/work/ocm-integrationtest/ocm-integrationtest/gen/component.yaml\nRunning: [&amp;#x27;ocm&amp;#x27;, &amp;#x27;add&amp;#x27;, &amp;#x27;componentversions&amp;#x27;, &amp;#x27;--create&amp;#x27;, &amp;#x27;--file&amp;#x27;, &amp;#x27;/home/runner/work/ocm-integrationtest/ocm-integrationtest/gen/ctf&amp;#x27;, &amp;#x27;/home/runner/work/ocm-integrationtest/ocm-integrationtest/gen/component.yaml&amp;#x27;]\nprocessing /home/runner/work/ocm-integrationtest/ocm-integrationtest/gen/component.yaml...\n  processing document 1...\n    processing index 1\nfound 1 component\nadding component ocm.integrationtest/echo:1.0.0...\n  adding source filesystem: &amp;quot;name&amp;quot;=&amp;quot;source&amp;quot;,&amp;quot;version&amp;quot;=&amp;quot;1.0.0&amp;quot;...\n  adding resource helmChart: &amp;quot;name&amp;quot;=&amp;quot;chart&amp;quot;,&amp;quot;version&amp;quot;=&amp;quot;&amp;lt;componentversion&amp;gt;&amp;quot;...\n  adding resource ociImage: &amp;quot;name&amp;quot;=&amp;quot;image&amp;quot;,&amp;quot;version&amp;quot;=&amp;quot;1.10&amp;quot;...\n\nRunning: [&amp;#x27;ocm&amp;#x27;, &amp;#x27;transfer&amp;#x27;, &amp;#x27;ctf&amp;#x27;, &amp;#x27;-f&amp;#x27;, &amp;#x27;--copy-resources&amp;#x27;, &amp;#x27;/home/runner/work/ocm-integrationtest/ocm-integrationtest/gen/ctf&amp;#x27;, &amp;#x27;fv-az2022-74.0wghqxblpstuvimudcj3wileth.dx.internal.cloudapp.net/inttest&amp;#x27;]\ntransferring component &amp;quot;ocm.integrationtest/echo&amp;quot;...\n  transferring version &amp;quot;ocm.integrationtest/echo:1.0.0&amp;quot;...\n  warning:   version &amp;quot;ocm.integrationtest/echo:1.0.0&amp;quot; already present, but differs because some artifact digests are changed (transport enforced by overwrite option)\n  ...resource 0 chart[helmChart](ocm.integrationtest/echo/echoserver:0.1.0) (overwrite)\n  ...resource 1 image[ociImage](google_containers/echoserver:1.10) (copy)\n  ...adding component version...\n\nRetrieving component-descriptor from fv-az2022-74.0wghqxblpstuvimudcj3wileth.dx.internal.cloudapp.net/inttest/component-descriptors/ocm.integrationtest/echo:1.0.0\nRetrieving component-descriptor from fv-az2022-74.0wghqxblpstuvimudcj3wileth.dx.internal.cloudapp.net/inttest/component-descriptors/ocm.integrationtest/echo:1.0.0\n&#34;}], &#34;test_credentials.py::test_transfer_without_credentials&#34;: [{&#34;extras&#34;: [], &#34;result&#34;: &#34;Failed&#34;, &#34;testId&#34;: &#34;test_credentials.py::test_transfer_without_credentials&#34;, &#34;duration&#34;: &#34;00:00:03&#34;, &#34;resultsTableRow&#34;: [&#34;&lt;td class=\&#34;col-result\&#34;&gt;Failed&lt;/td&gt;&#34;, &#34;&lt;td class=\&#34;col-testId\&#34;&gt;test_credentials.py::test_transfer_without_credentials&lt;/td&gt;&#34;, &#34;&lt;td class=\&#34;col-duration\&#34;&gt;00:00:03&lt;/td&gt;&#34;, &#34;&lt;td class=\&#34;col-links\&#34;&gt;&lt;/td&gt;&#34;], &#34;log&#34;: &#34;ctx = OcmTestContext(repo_prefix=&amp;#x27;fv-az2022-74.0wghqxblpstuvimudcj3wileth.dx.internal.cloudapp.net&amp;#x27;, repo_host=&amp;#x27;fv-az2022-74...epo_dir=&amp;#x27;fv-az2022-74.0wghqxblpstuvimudcj3wileth.dx.internal.cloudapp.net&amp;#x27;, user_name=&amp;#x27;ocmuser&amp;#x27;, passwd=&amp;#x27;N&amp;amp;LLiijFo36z&amp;#x27;)\n\n    def test_transfer_without_credentials(ctx: OcmTestContext):\n        with pytest.raises(ocm.OcmCliException, match=&amp;#x27;authorization failed: no basic auth credentials&amp;#x27;) as excinfo:\n&amp;gt;           ocm.execute_ocm(f&amp;#x27;transfer artifacts gcr.io/google-containers/pause:3.2 {ctx.repo_dir}/images/pause:3.2&amp;#x27;)\n\ntests/test_credentials.py:14: \n_ _ _ _ _ _ _ _ _ _ _ _ _ _ _ _ _ _ _ _ _ _ _ _ _ _ _ _ _ _ _ _ _ _ _ _ _ _ _ _ \n\nargs = &amp;#x27;transfer artifacts gcr.io/google-containers/pause:3.2 fv-az2022-74.0wghqxblpstuvimudcj3wileth.dx.internal.cloudapp.net/images/pause:3.2&amp;#x27;\nkwargs = {}\ncmd = [&amp;#x27;ocm&amp;#x27;, &amp;#x27;transfer&amp;#x27;, &amp;#x27;artifacts&amp;#x27;, &amp;#x27;gcr.io/google-containers/pause:3.2&amp;#x27;, &amp;#x27;fv-az2022-74.0wghqxblpstuvimudcj3wileth.dx.internal.cloudapp.net/images/pause:3.2&amp;#x27;]\nres = CompletedProcess(args=[&amp;#x27;ocm&amp;#x27;, &amp;#x27;transfer&amp;#x27;, &amp;#x27;artifacts&amp;#x27;, &amp;#x27;gcr.io/google-containers/pause:3.2&amp;#x27;, &amp;#x27;fv-az2022-74.0wghqxblpst...-74.0wghqxblpstuvimudcj3wileth.dx.internal.cloudapp.net/v2/images/pause/blobs/uploads/&amp;quot;: basic credential not found\\n&amp;#x27;)\n\n    def execute_ocm(args: str, **kwargs) -&amp;gt; subprocess.CompletedProcess:\n        cmd = [&amp;#x27;ocm&amp;#x27;]\n        # to preserve quoted strings: re.findall(r&amp;#x27;(\\w+|&amp;quot;.*?&amp;quot;)&amp;#x27;, args)\n        cmd.extend(args.split(&amp;#x27; &amp;#x27;))\n        print(f&amp;#x27;Running: {cmd}&amp;#x27;)\n        res = subprocess.run(cmd, stdout=subprocess.PIPE, stderr=subprocess.STDOUT, **kwargs)\n        print(res.stdout.decode())\n        if res.returncode != 0:\n&amp;gt;           raise OcmCliException(f&amp;#x27;ocm command failed with return-code {res.returncode}, &amp;#x27;\n                                  f&amp;#x27;output: &amp;quot;{res.stdout.decode()}&amp;quot;&amp;#x27;)\nE           ocmcli.OcmCliException: ocm command failed with return-code 1, output: &amp;quot;copying gcr.io/google-containers/pause:3.2 to fv-az2022-74.0wghqxblpstuvimudcj3wileth.dx.internal.cloudapp.net/images/pause:3.2...\nE           Error: transferring indexed artifact sha256:4a1c4b21597c1b4415bdbecb28a3296c6b5e23ca4f9feeb599860a1dac6a0108: transferring config blob: failed to push: POST &amp;quot;https://fv-az2022-74.0wghqxblpstuvimudcj3wileth.dx.internal.cloudapp.net/v2/images/pause/blobs/uploads/&amp;quot;: basic credential not found\nE           &amp;quot;\n\ntests/ocmcli.py:25: OcmCliException\n\nDuring handling of the above exception, another exception occurred:\n\nctx = OcmTestContext(repo_prefix=&amp;#x27;fv-az2022-74.0wghqxblpstuvimudcj3wileth.dx.internal.cloudapp.net&amp;#x27;, repo_host=&amp;#x27;fv-az2022-74...epo_dir=&amp;#x27;fv-az2022-74.0wghqxblpstuvimudcj3wileth.dx.internal.cloudapp.net&amp;#x27;, user_name=&amp;#x27;ocmuser&amp;#x27;, passwd=&amp;#x27;N&amp;amp;LLiijFo36z&amp;#x27;)\n\n    def test_transfer_without_credentials(ctx: OcmTestContext):\n&amp;gt;       with pytest.raises(ocm.OcmCliException, match=&amp;#x27;authorization failed: no basic auth credentials&amp;#x27;) as excinfo:\nE       AssertionError: Regex pattern did not match.\nE        Regex: &amp;#x27;authorization failed: no basic auth credentials&amp;#x27;\nE        Input: &amp;#x27;ocm command failed with return-code 1, output: &amp;quot;copying gcr.io/google-containers/pause:3.2 to fv-az2022-74.0wghqxblpstuvimudcj3wileth.dx.internal.cloudapp.net/images/pause:3.2...\\nError: transferring indexed artifact sha256:4a1c4b21597c1b4415bdbecb28a3296c6b5e23ca4f9feeb599860a1dac6a0108: transferring config blob: failed to push: POST &amp;quot;https://fv-az2022-74.0wghqxblpstuvimudcj3wileth.dx.internal.cloudapp.net/v2/images/pause/blobs/uploads/&amp;quot;: basic credential not found\\n&amp;quot;&amp;#x27;\n\ntests/test_credentials.py:13: AssertionError\n\n----------------------------- Captured stdout call -----------------------------\nRunning: [&amp;#x27;ocm&amp;#x27;, &amp;#x27;transfer&amp;#x27;, &amp;#x27;artifacts&amp;#x27;, &amp;#x27;gcr.io/google-containers/pause:3.2&amp;#x27;, &amp;#x27;fv-az2022-74.0wghqxblpstuvimudcj3wileth.dx.internal.cloudapp.net/images/pause:3.2&amp;#x27;]\ncopying gcr.io/google-containers/pause:3.2 to fv-az2022-74.0wghqxblpstuvimudcj3wileth.dx.internal.cloudapp.net/images/pause:3.2...\nError: transferring indexed artifact sha256:4a1c4b21597c1b4415bdbecb28a3296c6b5e23ca4f9feeb599860a1dac6a0108: transferring config blob: failed to push: POST &amp;quot;https://fv-az2022-74.0wghqxblpstuvimudcj3wileth.dx.internal.cloudapp.net/v2/images/pause/blobs/uploads/&amp;quot;: basic credential not found\n\n&#34;}], &#34;test_credentials.py::test_transfer_with_credentials&#34;: [{&#34;extras&#34;: [], &#34;result&#34;: &#34;Failed&#34;, &#34;testId&#34;: &#34;test_credentials.py::test_transfer_with_credentials&#34;, &#34;duration&#34;: &#34;00:00:12&#34;, &#34;resultsTableRow&#34;: [&#34;&lt;td class=\&#34;col-result\&#34;&gt;Failed&lt;/td&gt;&#34;, &#34;&lt;td class=\&#34;col-testId\&#34;&gt;test_credentials.py::test_transfer_with_credentials&lt;/td&gt;&#34;, &#34;&lt;td class=\&#34;col-duration\&#34;&gt;00:00:12&lt;/td&gt;&#34;, &#34;&lt;td class=\&#34;col-links\&#34;&gt;&lt;/td&gt;&#34;], &#34;log&#34;: &#34;ctx = OcmTestContext(repo_prefix=&amp;#x27;fv-az2022-74.0wghqxblpstuvimudcj3wileth.dx.internal.cloudapp.net&amp;#x27;, repo_host=&amp;#x27;fv-az2022-74...epo_dir=&amp;#x27;fv-az2022-74.0wghqxblpstuvimudcj3wileth.dx.internal.cloudapp.net&amp;#x27;, user_name=&amp;#x27;ocmuser&amp;#x27;, passwd=&amp;#x27;N&amp;amp;LLiijFo36z&amp;#x27;)\n\n    def test_transfer_with_credentials(ctx: OcmTestContext):\n        credential_options = f&amp;#x27;--cred :type=OCIRegistry --cred :hostname={ctx.repo_host} --cred username={ctx.user_name} --cred password={ctx.passwd}&amp;#x27;\n        util.print_ocm_config()\n&amp;gt;       ocm.execute_ocm(f&amp;#x27;{credential_options} transfer artifacts gcr.io/google-containers/pause:3.2 {ctx.repo_dir}/images/pause:3.2&amp;#x27;)\n\ntests/test_credentials.py:20: \n_ _ _ _ _ _ _ _ _ _ _ _ _ _ _ _ _ _ _ _ _ _ _ _ _ _ _ _ _ _ _ _ _ _ _ _ _ _ _ _ \n\nargs = &amp;#x27;--cred :type=OCIRegistry --cred :hostname=fv-az2022-74.0wghqxblpstuvimudcj3wileth.dx.internal.cloudapp.net --cred use...s gcr.io/google-containers/pause:3.2 fv-az2022-74.0wghqxblpstuvimudcj3wileth.dx.internal.cloudapp.net/images/pause:3.2&amp;#x27;\nkwargs = {}\ncmd = [&amp;#x27;ocm&amp;#x27;, &amp;#x27;--cred&amp;#x27;, &amp;#x27;:type=OCIRegistry&amp;#x27;, &amp;#x27;--cred&amp;#x27;, &amp;#x27;:hostname=fv-az2022-74.0wghqxblpstuvimudcj3wileth.dx.internal.cloudapp.net&amp;#x27;, &amp;#x27;--cred&amp;#x27;, ...]\nres = CompletedProcess(args=[&amp;#x27;ocm&amp;#x27;, &amp;#x27;--cred&amp;#x27;, &amp;#x27;:type=OCIRegistry&amp;#x27;, &amp;#x27;--cred&amp;#x27;, &amp;#x27;:hostname=fv-az2022-74.0wghqxblpstuvimudcj3wil...est blob unknown: blob unknown to registry: sha256:1175fd4d728641115e2802be80abab108b8d9306442ce35425a4e8707ca60521\\n&amp;#x27;)\n\n    def execute_ocm(args: str, **kwargs) -&amp;gt; subprocess.CompletedProcess:\n        cmd = [&amp;#x27;ocm&amp;#x27;]\n        # to preserve quoted strings: re.findall(r&amp;#x27;(\\w+|&amp;quot;.*?&amp;quot;)&amp;#x27;, args)\n        cmd.extend(args.split(&amp;#x27; &amp;#x27;))\n        print(f&amp;#x27;Running: {cmd}&amp;#x27;)\n        res = subprocess.run(cmd, stdout=subprocess.PIPE, stderr=subprocess.STDOUT, **kwargs)\n        print(res.stdout.decode())\n        if res.returncode != 0:\n&amp;gt;           raise OcmCliException(f&amp;#x27;ocm command failed with return-code {res.returncode}, &amp;#x27;\n                                  f&amp;#x27;output: &amp;quot;{res.stdout.decode()}&amp;quot;&amp;#x27;)\nE           ocmcli.OcmCliException: ocm command failed with return-code 1, output: &amp;quot;copying gcr.io/google-containers/pause:3.2 to fv-az2022-74.0wghqxblpstuvimudcj3wileth.dx.internal.cloudapp.net/images/pause:3.2...\nE           Error: transferring index artifact: failed to push tag 3.2: unable to push: PUT &amp;quot;https://fv-az2022-74.0wghqxblpstuvimudcj3wileth.dx.internal.cloudapp.net/v2/images/pause/manifests/3.2&amp;quot;: response status code 400: manifest blob unknown: blob unknown to registry: sha256:4a1c4b21597c1b4415bdbecb28a3296c6b5e23ca4f9feeb599860a1dac6a0108; manifest blob unknown: blob unknown to registry: sha256:bbb7780ca6592cfc98e601f2a5e94bbf748a232f9116518643905aa30fc01642; manifest blob unknown: blob unknown to registry: sha256:31d3efd12022ffeffb3146bc10ae8beb890c80ed2f07363515580add7ed47636; manifest blob unknown: blob unknown to registry: sha256:7f82fecd72730a6aeb70713476fb6f7545ed1bbf32cadd7414a77d25e235aaca; manifest blob unknown: blob unknown to registry: sha256:1175fd4d728641115e2802be80abab108b8d9306442ce35425a4e8707ca60521\nE           &amp;quot;\n\ntests/ocmcli.py:25: OcmCliException\n\n----------------------------- Captured stdout call -----------------------------\nOCM configuration file read from: /home/runner/.ocmconfig:\ntype: generic.config.ocm.software/v1\nconfigurations: []\n\nRunning: [&amp;#x27;ocm&amp;#x27;, &amp;#x27;--cred&amp;#x27;, &amp;#x27;:type=OCIRegistry&amp;#x27;, &amp;#x27;--cred&amp;#x27;, &amp;#x27;:hostname=fv-az2022-74.0wghqxblpstuvimudcj3wileth.dx.internal.cloudapp.net&amp;#x27;, &amp;#x27;--cred&amp;#x27;, &amp;#x27;username=ocmuser&amp;#x27;, &amp;#x27;--cred&amp;#x27;, &amp;#x27;password=N&amp;amp;LLiijFo36z&amp;#x27;, &amp;#x27;transfer&amp;#x27;, &amp;#x27;artifacts&amp;#x27;, &amp;#x27;gcr.io/google-containers/pause:3.2&amp;#x27;, &amp;#x27;fv-az2022-74.0wghqxblpstuvimudcj3wileth.dx.internal.cloudapp.net/images/pause:3.2&amp;#x27;]\ncopying gcr.io/google-containers/pause:3.2 to fv-az2022-74.0wghqxblpstuvimudcj3wileth.dx.internal.cloudapp.net/images/pause:3.2...\nError: transferring index artifact: failed to push tag 3.2: unable to push: PUT &amp;quot;https://fv-az2022-74.0wghqxblpstuvimudcj3wileth.dx.internal.cloudapp.net/v2/images/pause/manifests/3.2&amp;quot;: response status code 400: manifest blob unknown: blob unknown to registry: sha256:4a1c4b21597c1b4415bdbecb28a3296c6b5e23ca4f9feeb599860a1dac6a0108; manifest blob unknown: blob unknown to registry: sha256:bbb7780ca6592cfc98e601f2a5e94bbf748a232f9116518643905aa30fc01642; manifest blob unknown: blob unknown to registry: sha256:31d3efd12022ffeffb3146bc10ae8beb890c80ed2f07363515580add7ed47636; manifest blob unknown: blob unknown to registry: sha256:7f82fecd72730a6aeb70713476fb6f7545ed1bbf32cadd7414a77d25e235aaca; manifest blob unknown: blob unknown to registry: sha256:1175fd4d728641115e2802be80abab108b8d9306442ce35425a4e8707ca60521\n\n&#34;}], &#34;test_signing.py::test_sign_ctf&#34;: [{&#34;extras&#34;: [], &#34;result&#34;: &#34;Passed&#34;, &#34;testId&#34;: &#34;test_signing.py::test_sign_ctf&#34;, &#34;duration&#34;: &#34;00:00:04&#34;, &#34;resultsTableRow&#34;: [&#34;&lt;td class=\&#34;col-result\&#34;&gt;Passed&lt;/td&gt;&#34;, &#34;&lt;td class=\&#34;col-testId\&#34;&gt;test_signing.py::test_sign_ctf&lt;/td&gt;&#34;, &#34;&lt;td class=\&#34;col-duration\&#34;&gt;00:00:04&lt;/td&gt;&#34;, &#34;&lt;td class=\&#34;col-links\&#34;&gt;&lt;/td&gt;&#34;], &#34;log&#34;: &#34;---------------------------- Captured stdout setup -----------------------------\ngenerating new key-pair\nRunning: [&amp;#x27;ocm&amp;#x27;, &amp;#x27;create&amp;#x27;, &amp;#x27;rsakeypair&amp;#x27;, &amp;#x27;/home/runner/work/ocm-integrationtest/ocm-integrationtest/gen/priv.key&amp;#x27;, &amp;#x27;/home/runner/work/ocm-integrationtest/ocm-integrationtest/gen/public.key&amp;#x27;]\ncreated rsa key pair /home/runner/work/ocm-integrationtest/ocm-integrationtest/gen/priv.key[/home/runner/work/ocm-integrationtest/ocm-integrationtest/gen/public.key]\n\n\n----------------------------- Captured stdout call -----------------------------\nGenerating in /home/runner/work/ocm-integrationtest/ocm-integrationtest/gen\nGenerating transport archive in /home/runner/work/ocm-integrationtest/ocm-integrationtest/gen/ctf\nCalling ocm: add componentversions --create --file /home/runner/work/ocm-integrationtest/ocm-integrationtest/gen/ctf /home/runner/work/ocm-integrationtest/ocm-integrationtest/gen/component.yaml\nRunning: [&amp;#x27;ocm&amp;#x27;, &amp;#x27;add&amp;#x27;, &amp;#x27;componentversions&amp;#x27;, &amp;#x27;--create&amp;#x27;, &amp;#x27;--file&amp;#x27;, &amp;#x27;/home/runner/work/ocm-integrationtest/ocm-integrationtest/gen/ctf&amp;#x27;, &amp;#x27;/home/runner/work/ocm-integrationtest/ocm-integrationtest/gen/component.yaml&amp;#x27;]\nprocessing /home/runner/work/ocm-integrationtest/ocm-integrationtest/gen/component.yaml...\n  processing document 1...\n    processing index 1\nfound 1 component\nadding component ocm.integrationtest/echo:1.0.0...\n  adding source filesystem: &amp;quot;name&amp;quot;=&amp;quot;source&amp;quot;,&amp;quot;version&amp;quot;=&amp;quot;1.0.0&amp;quot;...\n  adding resource helmChart: &amp;quot;name&amp;quot;=&amp;quot;chart&amp;quot;,&amp;quot;version&amp;quot;=&amp;quot;&amp;lt;componentversion&amp;gt;&amp;quot;...\n  adding resource ociImage: &amp;quot;name&amp;quot;=&amp;quot;image&amp;quot;,&amp;quot;version&amp;quot;=&amp;quot;1.10&amp;quot;...\n\nRunning: [&amp;#x27;ocm&amp;#x27;, &amp;#x27;sign&amp;#x27;, &amp;#x27;componentversion&amp;#x27;, &amp;#x27;--private-key&amp;#x27;, &amp;#x27;/home/runner/work/ocm-integrationtest/ocm-integrationtest/gen/priv.key&amp;#x27;, &amp;#x27;--signature&amp;#x27;, &amp;#x27;inttest-sig&amp;#x27;, &amp;#x27;--recursive&amp;#x27;, &amp;#x27;/home/runner/work/ocm-integrationtest/ocm-integrationtest/gen/ctf&amp;#x27;]\napplying to version &amp;quot;ocm.integrationtest/echo:1.0.0&amp;quot;[ocm.integrationtest/echo:1.0.0]...\n  resource 0:  &amp;quot;name&amp;quot;=&amp;quot;chart&amp;quot;: digest SHA-256:683e7268e2c64231625ef5097497e6011a6ff54251ed01ee790e231d70fc6b88[ociArtifactDigest/v1]\n  resource 1:  &amp;quot;name&amp;quot;=&amp;quot;image&amp;quot;: digest SHA-256:cb5c1bddd1b5665e1867a7fa1b5fa843a47ee433bbb75d4293888b71def53229[ociArtifactDigest/v1]\nsuccessfully signed ocm.integrationtest/echo:1.0.0 (digest SHA-256:11f80821aa2d5823671746219b6ccc0a0d2fc7c2b0af5597a776a439484ac38c)\n\nRunning: [&amp;#x27;ocm&amp;#x27;, &amp;#x27;verify&amp;#x27;, &amp;#x27;componentversion&amp;#x27;, &amp;#x27;--public-key&amp;#x27;, &amp;#x27;/home/runner/work/ocm-integrationtest/ocm-integrationtest/gen/public.key&amp;#x27;, &amp;#x27;--signature&amp;#x27;, &amp;#x27;inttest-sig&amp;#x27;, &amp;#x27;/home/runner/work/ocm-integrationtest/ocm-integrationtest/gen/ctf&amp;#x27;]\napplying to version &amp;quot;ocm.integrationtest/echo:1.0.0&amp;quot;[ocm.integrationtest/echo:1.0.0]...\n  resource 0:  &amp;quot;name&amp;quot;=&amp;quot;chart&amp;quot;: digest SHA-256:683e7268e2c64231625ef5097497e6011a6ff54251ed01ee790e231d70fc6b88[ociArtifactDigest/v1]\n  resource 1:  &amp;quot;name&amp;quot;=&amp;quot;image&amp;quot;: digest SHA-256:cb5c1bddd1b5665e1867a7fa1b5fa843a47ee433bbb75d4293888b71def53229[ociArtifactDigest/v1]\nsuccessfully verified ocm.integrationtest/echo:1.0.0 (digest SHA-256:11f80821aa2d5823671746219b6ccc0a0d2fc7c2b0af5597a776a439484ac38c)\n\n&#34;}], &#34;test_signing.py::test_sign_remote&#34;: [{&#34;extras&#34;: [], &#34;result&#34;: &#34;Passed&#34;, &#34;testId&#34;: &#34;test_signing.py::test_sign_remote&#34;, &#34;duration&#34;: &#34;00:00:04&#34;, &#34;resultsTableRow&#34;: [&#34;&lt;td class=\&#34;col-result\&#34;&gt;Passed&lt;/td&gt;&#34;, &#34;&lt;td class=\&#34;col-testId\&#34;&gt;test_signing.py::test_sign_remote&lt;/td&gt;&#34;, &#34;&lt;td class=\&#34;col-duration\&#34;&gt;00:00:04&lt;/td&gt;&#34;, &#34;&lt;td class=\&#34;col-links\&#34;&gt;&lt;/td&gt;&#34;], &#34;log&#34;: &#34;----------------------------- Captured stdout call -----------------------------\nGenerating in /home/runner/work/ocm-integrationtest/ocm-integrationtest/gen\nGenerating transport archive in /home/runner/work/ocm-integrationtest/ocm-integrationtest/gen/ctf\nCalling ocm: add componentversions --create --file /home/runner/work/ocm-integrationtest/ocm-integrationtest/gen/ctf /home/runner/work/ocm-integrationtest/ocm-integrationtest/gen/component.yaml\nRunning: [&amp;#x27;ocm&amp;#x27;, &amp;#x27;add&amp;#x27;, &amp;#x27;componentversions&amp;#x27;, &amp;#x27;--create&amp;#x27;, &amp;#x27;--file&amp;#x27;, &amp;#x27;/home/runner/work/ocm-integrationtest/ocm-integrationtest/gen/ctf&amp;#x27;, &amp;#x27;/home/runner/work/ocm-integrationtest/ocm-integrationtest/gen/component.yaml&amp;#x27;]\nprocessing /home/runner/work/ocm-integrationtest/ocm-integrationtest/gen/component.yaml...\n  processing document 1...\n    processing index 1\nfound 1 component\nadding component ocm.integrationtest/echo:1.0.0...\n  adding source filesystem: &amp;quot;name&amp;quot;=&amp;quot;source&amp;quot;,&amp;quot;version&amp;quot;=&amp;quot;1.0.0&amp;quot;...\n  adding resource helmChart: &amp;quot;name&amp;quot;=&amp;quot;chart&amp;quot;,&amp;quot;version&amp;quot;=&amp;quot;&amp;lt;componentversion&amp;gt;&amp;quot;...\n  adding resource ociImage: &amp;quot;name&amp;quot;=&amp;quot;image&amp;quot;,&amp;quot;version&amp;quot;=&amp;quot;1.10&amp;quot;...\n\nRunning: [&amp;#x27;ocm&amp;#x27;, &amp;#x27;transfer&amp;#x27;, &amp;#x27;ctf&amp;#x27;, &amp;#x27;-f&amp;#x27;, &amp;#x27;/home/runner/work/ocm-integrationtest/ocm-integrationtest/gen/ctf&amp;#x27;, &amp;#x27;fv-az2022-74.0wghqxblpstuvimudcj3wileth.dx.internal.cloudapp.net/inttest&amp;#x27;]\ntransferring component &amp;quot;ocm.integrationtest/echo&amp;quot;...\n  transferring version &amp;quot;ocm.integrationtest/echo:1.0.0&amp;quot;...\n  warning:   version &amp;quot;ocm.integrationtest/echo:1.0.0&amp;quot; already present, but differs because some artifact digests are changed (transport enforced by overwrite option)\n  ...resource 0 chart[helmChart](ocm.integrationtest/echo/echoserver:0.1.0) (overwrite)\n  ...adding component version...\n\nRunning: [&amp;#x27;ocm&amp;#x27;, &amp;#x27;sign&amp;#x27;, &amp;#x27;componentversion&amp;#x27;, &amp;#x27;--private-key&amp;#x27;, &amp;#x27;/home/runner/work/ocm-integrationtest/ocm-integrationtest/gen/priv.key&amp;#x27;, &amp;#x27;--signature&amp;#x27;, &amp;#x27;inttest-sig&amp;#x27;, &amp;#x27;--recursive&amp;#x27;, &amp;#x27;fv-az2022-74.0wghqxblpstuvimudcj3wileth.dx.internal.cloudapp.net/inttest//ocm.integrationtest/echo:1.0.0&amp;#x27;]\napplying to version &amp;quot;ocm.integrationtest/echo:1.0.0&amp;quot;[ocm.integrationtest/echo:1.0.0]...\n  resource 0:  &amp;quot;name&amp;quot;=&amp;quot;chart&amp;quot;: digest SHA-256:df214f5cd72aff83ab28dc2dd01167ca78d89df909f5f23af9c3fc1646b18ff9[ociArtifactDigest/v1]\n  resource 1:  &amp;quot;name&amp;quot;=&amp;quot;image&amp;quot;: digest SHA-256:cb5c1bddd1b5665e1867a7fa1b5fa843a47ee433bbb75d4293888b71def53229[ociArtifactDigest/v1]\nsuccessfully signed ocm.integrationtest/echo:1.0.0 (digest SHA-256:5f7c89be963edfee447a1de41fac2d9d8445e45f6426d6fac43b28c2bee61332)\n\nRunning: [&amp;#x27;ocm&amp;#x27;, &amp;#x27;verify&amp;#x27;, &amp;#x27;componentversion&amp;#x27;, &amp;#x27;--public-key&amp;#x27;, &amp;#x27;/home/runner/work/ocm-integrationtest/ocm-integrationtest/gen/public.key&amp;#x27;, &amp;#x27;--signature&amp;#x27;, &amp;#x27;inttest-sig&amp;#x27;, &amp;#x27;fv-az2022-74.0wghqxblpstuvimudcj3wileth.dx.internal.cloudapp.net/inttest//ocm.integrationtest/echo:1.0.0&amp;#x27;]\napplying to version &amp;quot;ocm.integrationtest/echo:1.0.0&amp;quot;[ocm.integrationtest/echo:1.0.0]...\n  resource 0:  &amp;quot;name&amp;quot;=&amp;quot;chart&amp;quot;: digest SHA-256:df214f5cd72aff83ab28dc2dd01167ca78d89df909f5f23af9c3fc1646b18ff9[ociArtifactDigest/v1]\n  resource 1:  &amp;quot;name&amp;quot;=&amp;quot;image&amp;quot;: digest SHA-256:cb5c1bddd1b5665e1867a7fa1b5fa843a47ee433bbb75d4293888b71def53229[ociArtifactDigest/v1]\nsuccessfully verified ocm.integrationtest/echo:1.0.0 (digest SHA-256:5f7c89be963edfee447a1de41fac2d9d8445e45f6426d6fac43b28c2bee61332)\n\n&#34;}], &#34;test_signing.py::test_sign_with_reference&#34;: [{&#34;extras&#34;: [], &#34;result&#34;: &#34;Passed&#34;, &#34;testId&#34;: &#34;test_signing.py::test_sign_with_reference&#34;, &#34;duration&#34;: &#34;00:00:05&#34;, &#34;resultsTableRow&#34;: [&#34;&lt;td class=\&#34;col-result\&#34;&gt;Passed&lt;/td&gt;&#34;, &#34;&lt;td class=\&#34;col-testId\&#34;&gt;test_signing.py::test_sign_with_reference&lt;/td&gt;&#34;, &#34;&lt;td class=\&#34;col-duration\&#34;&gt;00:00:05&lt;/td&gt;&#34;, &#34;&lt;td class=\&#34;col-links\&#34;&gt;&lt;/td&gt;&#34;], &#34;log&#34;: &#34;----------------------------- Captured stdout call -----------------------------\nGenerating in /home/runner/work/ocm-integrationtest/ocm-integrationtest/gen\nGenerating transport archive in /home/runner/work/ocm-integrationtest/ocm-integrationtest/gen/ctf\nCalling ocm: add componentversions --create --file /home/runner/work/ocm-integrationtest/ocm-integrationtest/gen/ctf /home/runner/work/ocm-integrationtest/ocm-integrationtest/gen/component.yaml\nRunning: [&amp;#x27;ocm&amp;#x27;, &amp;#x27;add&amp;#x27;, &amp;#x27;componentversions&amp;#x27;, &amp;#x27;--create&amp;#x27;, &amp;#x27;--file&amp;#x27;, &amp;#x27;/home/runner/work/ocm-integrationtest/ocm-integrationtest/gen/ctf&amp;#x27;, &amp;#x27;/home/runner/work/ocm-integrationtest/ocm-integrationtest/gen/component.yaml&amp;#x27;]\nprocessing /home/runner/work/ocm-integrationtest/ocm-integrationtest/gen/component.yaml...\n  processing document 1...\n    processing index 1\n    processing index 2\nfound 2 components\nadding component ocm.integrationtest/helper:1.0.0...\n  adding resource ociImage: &amp;quot;name&amp;quot;=&amp;quot;pause_image&amp;quot;,&amp;quot;version&amp;quot;=&amp;quot;3.2.0&amp;quot;...\nadding component ocm.integrationtest/echo:1.0.0...\n  adding source filesystem: &amp;quot;name&amp;quot;=&amp;quot;source&amp;quot;,&amp;quot;version&amp;quot;=&amp;quot;1.0.0&amp;quot;...\n  adding resource helmChart: &amp;quot;name&amp;quot;=&amp;quot;chart&amp;quot;,&amp;quot;version&amp;quot;=&amp;quot;&amp;lt;componentversion&amp;gt;&amp;quot;...\n  adding resource ociImage: &amp;quot;name&amp;quot;=&amp;quot;image&amp;quot;,&amp;quot;version&amp;quot;=&amp;quot;1.10&amp;quot;...\n  adding reference ocm.integrationtest/helper: &amp;quot;name&amp;quot;=&amp;quot;childcomp&amp;quot;,&amp;quot;version&amp;quot;=&amp;quot;1.0.0&amp;quot;...\n\nRunning: [&amp;#x27;ocm&amp;#x27;, &amp;#x27;transfer&amp;#x27;, &amp;#x27;ctf&amp;#x27;, &amp;#x27;-f&amp;#x27;, &amp;#x27;/home/runner/work/ocm-integrationtest/ocm-integrationtest/gen/ctf&amp;#x27;, &amp;#x27;fv-az2022-74.0wghqxblpstuvimudcj3wileth.dx.internal.cloudapp.net/inttest&amp;#x27;]\ntransferring component &amp;quot;ocm.integrationtest/echo&amp;quot;...\n  transferring version &amp;quot;ocm.integrationtest/echo:1.0.0&amp;quot;...\n  warning:   version &amp;quot;ocm.integrationtest/echo:1.0.0&amp;quot; already present, but differs because some artifacts and signature relevant properties have been changed (transport enforced by overwrite option)\n  ...resource 0 chart[helmChart](ocm.integrationtest/echo/echoserver:0.1.0) (overwrite)\n  ...adding component version...\ntransferring component &amp;quot;ocm.integrationtest/helper&amp;quot;...\n  transferring version &amp;quot;ocm.integrationtest/helper:1.0.0&amp;quot;...\n  ...adding component version...\n\nRunning: [&amp;#x27;ocm&amp;#x27;, &amp;#x27;sign&amp;#x27;, &amp;#x27;componentversion&amp;#x27;, &amp;#x27;--private-key&amp;#x27;, &amp;#x27;/home/runner/work/ocm-integrationtest/ocm-integrationtest/gen/priv.key&amp;#x27;, &amp;#x27;--signature&amp;#x27;, &amp;#x27;inttest-sig&amp;#x27;, &amp;#x27;--recursive&amp;#x27;, &amp;#x27;fv-az2022-74.0wghqxblpstuvimudcj3wileth.dx.internal.cloudapp.net/inttest//ocm.integrationtest/helper:1.0.0&amp;#x27;]\napplying to version &amp;quot;ocm.integrationtest/helper:1.0.0&amp;quot;[ocm.integrationtest/helper:1.0.0]...\n  resource 0:  &amp;quot;name&amp;quot;=&amp;quot;pause_image&amp;quot;: digest SHA-256:927d98197ec1141a368550822d18fa1c60bdae27b78b0c004f705f548c07814f[ociArtifactDigest/v1]\nsuccessfully signed ocm.integrationtest/helper:1.0.0 (digest SHA-256:392b320a05165a48d7a8139b4cb42f6635a976e276fd0a5756b9d4c8fa78c4eb)\n\nRunning: [&amp;#x27;ocm&amp;#x27;, &amp;#x27;verify&amp;#x27;, &amp;#x27;componentversion&amp;#x27;, &amp;#x27;--public-key&amp;#x27;, &amp;#x27;/home/runner/work/ocm-integrationtest/ocm-integrationtest/gen/public.key&amp;#x27;, &amp;#x27;--signature&amp;#x27;, &amp;#x27;inttest-sig&amp;#x27;, &amp;#x27;fv-az2022-74.0wghqxblpstuvimudcj3wileth.dx.internal.cloudapp.net/inttest//ocm.integrationtest/helper:1.0.0&amp;#x27;]\napplying to version &amp;quot;ocm.integrationtest/helper:1.0.0&amp;quot;[ocm.integrationtest/helper:1.0.0]...\n  resource 0:  &amp;quot;name&amp;quot;=&amp;quot;pause_image&amp;quot;: digest SHA-256:927d98197ec1141a368550822d18fa1c60bdae27b78b0c004f705f548c07814f[ociArtifactDigest/v1]\nsuccessfully verified ocm.integrationtest/helper:1.0.0 (digest SHA-256:392b320a05165a48d7a8139b4cb42f6635a976e276fd0a5756b9d4c8fa78c4eb)\n\n&#34;}], &#34;test_signing.py::test_wrong_key&#34;: [{&#34;extras&#34;: [], &#34;result&#34;: &#34;Passed&#34;, &#34;testId&#34;: &#34;test_signing.py::test_wrong_key&#34;, &#34;duration&#34;: &#34;00:00:04&#34;, &#34;resultsTableRow&#34;: [&#34;&lt;td class=\&#34;col-result\&#34;&gt;Passed&lt;/td&gt;&#34;, &#34;&lt;td class=\&#34;col-testId\&#34;&gt;test_signing.py::test_wrong_key&lt;/td&gt;&#34;, &#34;&lt;td class=\&#34;col-duration\&#34;&gt;00:00:04&lt;/td&gt;&#34;, &#34;&lt;td class=\&#34;col-links\&#34;&gt;&lt;/td&gt;&#34;], &#34;log&#34;: &#34;----------------------------- Captured stdout call -----------------------------\ngenerating new key-pair\nRunning: [&amp;#x27;ocm&amp;#x27;, &amp;#x27;create&amp;#x27;, &amp;#x27;rsakeypair&amp;#x27;, &amp;#x27;/home/runner/work/ocm-integrationtest/ocm-integrationtest/gen/priv_wrong.key&amp;#x27;, &amp;#x27;/home/runner/work/ocm-integrationtest/ocm-integrationtest/gen/public_wrong.key&amp;#x27;]\ncreated rsa key pair /home/runner/work/ocm-integrationtest/ocm-integrationtest/gen/priv_wrong.key[/home/runner/work/ocm-integrationtest/ocm-integrationtest/gen/public_wrong.key]\n\nGenerating in /home/runner/work/ocm-integrationtest/ocm-integrationtest/gen\nGenerating transport archive in /home/runner/work/ocm-integrationtest/ocm-integrationtest/gen/ctf\nCalling ocm: add componentversions --create --file /home/runner/work/ocm-integrationtest/ocm-integrationtest/gen/ctf /home/runner/work/ocm-integrationtest/ocm-integrationtest/gen/component.yaml\nRunning: [&amp;#x27;ocm&amp;#x27;, &amp;#x27;add&amp;#x27;, &amp;#x27;componentversions&amp;#x27;, &amp;#x27;--create&amp;#x27;, &amp;#x27;--file&amp;#x27;, &amp;#x27;/home/runner/work/ocm-integrationtest/ocm-integrationtest/gen/ctf&amp;#x27;, &amp;#x27;/home/runner/work/ocm-integrationtest/ocm-integrationtest/gen/component.yaml&amp;#x27;]\nprocessing /home/runner/work/ocm-integrationtest/ocm-integrationtest/gen/component.yaml...\n  processing document 1...\n    processing index 1\nfound 1 component\nadding component ocm.integrationtest/echo:1.0.0...\n  adding source filesystem: &amp;quot;name&amp;quot;=&amp;quot;source&amp;quot;,&amp;quot;version&amp;quot;=&amp;quot;1.0.0&amp;quot;...\n  adding resource helmChart: &amp;quot;name&amp;quot;=&amp;quot;chart&amp;quot;,&amp;quot;version&amp;quot;=&amp;quot;&amp;lt;componentversion&amp;gt;&amp;quot;...\n  adding resource ociImage: &amp;quot;name&amp;quot;=&amp;quot;image&amp;quot;,&amp;quot;version&amp;quot;=&amp;quot;1.10&amp;quot;...\n\nRunning: [&amp;#x27;ocm&amp;#x27;, &amp;#x27;sign&amp;#x27;, &amp;#x27;componentversion&amp;#x27;, &amp;#x27;--private-key&amp;#x27;, &amp;#x27;/home/runner/work/ocm-integrationtest/ocm-integrationtest/gen/priv.key&amp;#x27;, &amp;#x27;--signature&amp;#x27;, &amp;#x27;inttest-sig&amp;#x27;, &amp;#x27;--recursive&amp;#x27;, &amp;#x27;/home/runner/work/ocm-integrationtest/ocm-integrationtest/gen/ctf&amp;#x27;]\napplying to version &amp;quot;ocm.integrationtest/echo:1.0.0&amp;quot;[ocm.integrationtest/echo:1.0.0]...\n  resource 0:  &amp;quot;name&amp;quot;=&amp;quot;chart&amp;quot;: digest SHA-256:83bccba27c0cce0299b8b0046301de25d577b9d73dc1a07dafea3f53f310b696[ociArtifactDigest/v1]\n  resource 1:  &amp;quot;name&amp;quot;=&amp;quot;image&amp;quot;: digest SHA-256:cb5c1bddd1b5665e1867a7fa1b5fa843a47ee433bbb75d4293888b71def53229[ociArtifactDigest/v1]\nsuccessfully signed ocm.integrationtest/echo:1.0.0 (digest SHA-256:d2db8b342c28562f683c2614923a01f3d3153e3dc3db8df414bcc056e5d982ff)\n\nRunning: [&amp;#x27;ocm&amp;#x27;, &amp;#x27;verify&amp;#x27;, &amp;#x27;componentversion&amp;#x27;, &amp;#x27;--public-key&amp;#x27;, &amp;#x27;/home/runner/work/ocm-integrationtest/ocm-integrationtest/gen/public_wrong.key&amp;#x27;, &amp;#x27;--signature&amp;#x27;, &amp;#x27;inttest-sig&amp;#x27;, &amp;#x27;/home/runner/work/ocm-integrationtest/ocm-integrationtest/gen/ctf&amp;#x27;]\napplying to version &amp;quot;ocm.integrationtest/echo:1.0.0&amp;quot;[ocm.integrationtest/echo:1.0.0]...\n  resource 0:  &amp;quot;name&amp;quot;=&amp;quot;chart&amp;quot;: digest SHA-256:83bccba27c0cce0299b8b0046301de25d577b9d73dc1a07dafea3f53f310b696[ociArtifactDigest/v1]\n  resource 1:  &amp;quot;name&amp;quot;=&amp;quot;image&amp;quot;: digest SHA-256:cb5c1bddd1b5665e1867a7fa1b5fa843a47ee433bbb75d4293888b71def53229[ociArtifactDigest/v1]\nfailed verifying signature of ocm.integrationtest/echo:1.0.0: ocm.integrationtest/echo:1.0.0: signature &amp;quot;inttest-sig&amp;quot;: signature verification failed, crypto/rsa: verification error\nfinished with 1 error(s)\nError: verifying signature of: ocm.integrationtest/echo:1.0.0: signature &amp;quot;inttest-sig&amp;quot;: signature verification failed, crypto/rsa: verification error\n\n&#34;}], &#34;test_transfer_image.py::test_image_transfer_docker_style&#34;: [{&#34;extras&#34;: [], &#34;result&#34;: &#34;Passed&#34;, &#34;testId&#34;: &#34;test_transfer_image.py::test_image_transfer_docker_style&#34;, &#34;duration&#34;: &#34;645 ms&#34;, &#34;resultsTableRow&#34;: [&#34;&lt;td class=\&#34;col-result\&#34;&gt;Passed&lt;/td&gt;&#34;, &#34;&lt;td class=\&#34;col-testId\&#34;&gt;test_transfer_image.py::test_image_transfer_docker_style&lt;/td&gt;&#34;, &#34;&lt;td class=\&#34;col-duration\&#34;&gt;645 ms&lt;/td&gt;&#34;, &#34;&lt;td class=\&#34;col-links\&#34;&gt;&lt;/td&gt;&#34;], &#34;log&#34;: &#34;----------------------------- Captured stdout call -----------------------------\n/home/runner/work/ocm-integrationtest/ocm-integrationtest/image\nFile /home/runner/work/ocm-integrationtest/ocm-integrationtest/gen/image-out/layer.tgz written\nFile /home/runner/work/ocm-integrationtest/ocm-integrationtest/gen/image-out/layer.tgz written\nresponse manifest upload: 201\nRunning: [&amp;#x27;ocm&amp;#x27;, &amp;#x27;transfer&amp;#x27;, &amp;#x27;artifacts&amp;#x27;, &amp;#x27;fv-az2022-74.0wghqxblpstuvimudcj3wileth.dx.internal.cloudapp.net/images/hello:0.1.0&amp;#x27;, &amp;#x27;fv-az2022-74.0wghqxblpstuvimudcj3wileth.dx.internal.cloudapp.net/image-test/hello:0.1.0&amp;#x27;]\ncopying fv-az2022-74.0wghqxblpstuvimudcj3wileth.dx.internal.cloudapp.net/images/hello:0.1.0 to fv-az2022-74.0wghqxblpstuvimudcj3wileth.dx.internal.cloudapp.net/image-test/hello:0.1.0...\ncopied 1 from 1 artifact(s) and 1 repositories\n\n&#34;}], &#34;test_transfer_image.py::test_image_transfer_oci_style&#34;: [{&#34;extras&#34;: [], &#34;result&#34;: &#34;Passed&#34;, &#34;testId&#34;: &#34;test_transfer_image.py::test_image_transfer_oci_style&#34;, &#34;duration&#34;: &#34;637 ms&#34;, &#34;resultsTableRow&#34;: [&#34;&lt;td class=\&#34;col-result\&#34;&gt;Passed&lt;/td&gt;&#34;, &#34;&lt;td class=\&#34;col-testId\&#34;&gt;test_transfer_image.py::test_image_transfer_oci_style&lt;/td&gt;&#34;, &#34;&lt;td class=\&#34;col-duration\&#34;&gt;637 ms&lt;/td&gt;&#34;, &#34;&lt;td class=\&#34;col-links\&#34;&gt;&lt;/td&gt;&#34;], &#34;log&#34;: &#34;----------------------------- Captured stdout call -----------------------------\n/home/runner/work/ocm-integrationtest/ocm-integrationtest/image\nFile /home/runner/work/ocm-integrationtest/ocm-integrationtest/gen/image-out/layer.tgz written\nFile /home/runner/work/ocm-integrationtest/ocm-integrationtest/gen/image-out/layer.tgz written\nresponse manifest upload: 201\nRunning: [&amp;#x27;ocm&amp;#x27;, &amp;#x27;transfer&amp;#x27;, &amp;#x27;artifacts&amp;#x27;, &amp;#x27;fv-az2022-74.0wghqxblpstuvimudcj3wileth.dx.internal.cloudapp.net/images/hello:0.1.0&amp;#x27;, &amp;#x27;fv-az2022-74.0wghqxblpstuvimudcj3wileth.dx.internal.cloudapp.net/image-test/hello:0.1.0&amp;#x27;]\ncopying fv-az2022-74.0wghqxblpstuvimudcj3wileth.dx.internal.cloudapp.net/images/hello:0.1.0 to fv-az2022-74.0wghqxblpstuvimudcj3wileth.dx.internal.cloudapp.net/image-test/hello:0.1.0...\ncopied 1 from 1 artifact(s) and 1 repositories\n\n&#34;}], &#34;test_transfer_image.py::test_multi_arch_image_transfer_docker_style&#34;: [{&#34;extras&#34;: [], &#34;result&#34;: &#34;Failed&#34;, &#34;testId&#34;: &#34;test_transfer_image.py::test_multi_arch_image_transfer_docker_style&#34;, &#34;duration&#34;: &#34;994 ms&#34;, &#34;resultsTableRow&#34;: [&#34;&lt;td class=\&#34;col-result\&#34;&gt;Failed&lt;/td&gt;&#34;, &#34;&lt;td class=\&#34;col-testId\&#34;&gt;test_transfer_image.py::test_multi_arch_image_transfer_docker_style&lt;/td&gt;&#34;, &#34;&lt;td class=\&#34;col-duration\&#34;&gt;994 ms&lt;/td&gt;&#34;, &#34;&lt;td class=\&#34;col-links\&#34;&gt;&lt;/td&gt;&#34;], &#34;log&#34;: &#34;ctx = OcmTestContext(repo_prefix=&amp;#x27;fv-az2022-74.0wghqxblpstuvimudcj3wileth.dx.internal.cloudapp.net&amp;#x27;, repo_host=&amp;#x27;fv-az2022-74...epo_dir=&amp;#x27;fv-az2022-74.0wghqxblpstuvimudcj3wileth.dx.internal.cloudapp.net&amp;#x27;, user_name=&amp;#x27;ocmuser&amp;#x27;, passwd=&amp;#x27;N&amp;amp;LLiijFo36z&amp;#x27;)\n\n    def test_multi_arch_image_transfer_docker_style(ctx: OcmTestContext):\n        image_name = &amp;#x27;hello-multi:0.1.0&amp;#x27;\n        image_ref = f&amp;#x27;{ctx.repo_dir}/images/{image_name}&amp;#x27;\n        target_image_ref = f&amp;#x27;{ctx.repo_dir}/image-test/{image_name}&amp;#x27;\n        client = upload_image.get_oci_client()\n        upload_image.upload_multi_arch_image(client, image_ref, OciImageCreator.Style.DOCKER_STYLE)\n&amp;gt;       manifest = do_image_transfer(client, image_ref, target_image_ref)\n\ntests/test_transfer_image.py:90: \n_ _ _ _ _ _ _ _ _ _ _ _ _ _ _ _ _ _ _ _ _ _ _ _ _ _ _ _ _ _ _ _ _ _ _ _ _ _ _ _ \ntests/test_transfer_image.py:29: in do_image_transfer\n    ocm.execute_ocm(f&amp;#x27;transfer artifacts {image_ref} {target_image_ref}&amp;#x27;)\n_ _ _ _ _ _ _ _ _ _ _ _ _ _ _ _ _ _ _ _ _ _ _ _ _ _ _ _ _ _ _ _ _ _ _ _ _ _ _ _ \n\nargs = &amp;#x27;transfer artifacts fv-az2022-74.0wghqxblpstuvimudcj3wileth.dx.internal.cloudapp.net/images/hello-multi:0.1.0 fv-az2022-74.0wghqxblpstuvimudcj3wileth.dx.internal.cloudapp.net/image-test/hello-multi:0.1.0&amp;#x27;\nkwargs = {}\ncmd = [&amp;#x27;ocm&amp;#x27;, &amp;#x27;transfer&amp;#x27;, &amp;#x27;artifacts&amp;#x27;, &amp;#x27;fv-az2022-74.0wghqxblpstuvimudcj3wileth.dx.internal.cloudapp.net/images/hello-multi:0.1.0&amp;#x27;, &amp;#x27;fv-az2022-74.0wghqxblpstuvimudcj3wileth.dx.internal.cloudapp.net/image-test/hello-multi:0.1.0&amp;#x27;]\nres = CompletedProcess(args=[&amp;#x27;ocm&amp;#x27;, &amp;#x27;transfer&amp;#x27;, &amp;#x27;artifacts&amp;#x27;, &amp;#x27;fv-az2022-74.0wghqxblpstuvimudcj3wileth.dx.internal.cloudapp.n...est blob unknown: blob unknown to registry: sha256:1e057a99406e9d9abf59da92aaa217a138a0f5fedf56f6629a790c6f6ebfa7ef\\n&amp;#x27;)\n\n    def execute_ocm(args: str, **kwargs) -&amp;gt; subprocess.CompletedProcess:\n        cmd = [&amp;#x27;ocm&amp;#x27;]\n        # to preserve quoted strings: re.findall(r&amp;#x27;(\\w+|&amp;quot;.*?&amp;quot;)&amp;#x27;, args)\n        cmd.extend(args.split(&amp;#x27; &amp;#x27;))\n        print(f&amp;#x27;Running: {cmd}&amp;#x27;)\n        res = subprocess.run(cmd, stdout=subprocess.PIPE, stderr=subprocess.STDOUT, **kwargs)\n        print(res.stdout.decode())\n        if res.returncode != 0:\n&amp;gt;           raise OcmCliException(f&amp;#x27;ocm command failed with return-code {res.returncode}, &amp;#x27;\n                                  f&amp;#x27;output: &amp;quot;{res.stdout.decode()}&amp;quot;&amp;#x27;)\nE           ocmcli.OcmCliException: ocm command failed with return-code 1, output: &amp;quot;copying fv-az2022-74.0wghqxblpstuvimudcj3wileth.dx.internal.cloudapp.net/images/hello-multi:0.1.0 to fv-az2022-74.0wghqxblpstuvimudcj3wileth.dx.internal.cloudapp.net/image-test/hello-multi:0.1.0...\nE           Error: transferring index artifact: failed to push tag 0.1.0: unable to push: PUT &amp;quot;https://fv-az2022-74.0wghqxblpstuvimudcj3wileth.dx.internal.cloudapp.net/v2/image-test/hello-multi/manifests/0.1.0&amp;quot;: response status code 400: manifest blob unknown: blob unknown to registry: sha256:ba3b87aa244da700c0bd20976ddabc23b59c28c9bf7103fdb7f9516e3417c130; manifest blob unknown: blob unknown to registry: sha256:1e057a99406e9d9abf59da92aaa217a138a0f5fedf56f6629a790c6f6ebfa7ef\nE           &amp;quot;\n\ntests/ocmcli.py:25: OcmCliException\n\n----------------------------- Captured stdout call -----------------------------\n/home/runner/work/ocm-integrationtest/ocm-integrationtest/image\nFile /home/runner/work/ocm-integrationtest/ocm-integrationtest/gen/image-out/layer.tgz written\nFile /home/runner/work/ocm-integrationtest/ocm-integrationtest/gen/image-out/layer.tgz written\nUploaded multi-arch child manifest: arm64: sha256:ba3b87aa244da700c0bd20976ddabc23b59c28c9bf7103fdb7f9516e3417c130\n/home/runner/work/ocm-integrationtest/ocm-integrationtest/image\nFile /home/runner/work/ocm-integrationtest/ocm-integrationtest/gen/image-out/layer.tgz written\nFile /home/runner/work/ocm-integrationtest/ocm-integrationtest/gen/image-out/layer.tgz written\nUploaded multi-arch child manifest: amd64: sha256:1e057a99406e9d9abf59da92aaa217a138a0f5fedf56f6629a790c6f6ebfa7ef\nresponse manifest upload: 201\nRunning: [&amp;#x27;ocm&amp;#x27;, &amp;#x27;transfer&amp;#x27;, &amp;#x27;artifacts&amp;#x27;, &amp;#x27;fv-az2022-74.0wghqxblpstuvimudcj3wileth.dx.internal.cloudapp.net/images/hello-multi:0.1.0&amp;#x27;, &amp;#x27;fv-az2022-74.0wghqxblpstuvimudcj3wileth.dx.internal.cloudapp.net/image-test/hello-multi:0.1.0&amp;#x27;]\ncopying fv-az2022-74.0wghqxblpstuvimudcj3wileth.dx.internal.cloudapp.net/images/hello-multi:0.1.0 to fv-az2022-74.0wghqxblpstuvimudcj3wileth.dx.internal.cloudapp.net/image-test/hello-multi:0.1.0...\nError: transferring index artifact: failed to push tag 0.1.0: unable to push: PUT &amp;quot;https://fv-az2022-74.0wghqxblpstuvimudcj3wileth.dx.internal.cloudapp.net/v2/image-test/hello-multi/manifests/0.1.0&amp;quot;: response status code 400: manifest blob unknown: blob unknown to registry: sha256:ba3b87aa244da700c0bd20976ddabc23b59c28c9bf7103fdb7f9516e3417c130; manifest blob unknown: blob unknown to registry: sha256:1e057a99406e9d9abf59da92aaa217a138a0f5fedf56f6629a790c6f6ebfa7ef\n\n&#34;}], &#34;test_transfer_image.py::test_multi_arch_image_transfer_oci_style&#34;: [{&#34;extras&#34;: [], &#34;result&#34;: &#34;Failed&#34;, &#34;testId&#34;: &#34;test_transfer_image.py::test_multi_arch_image_transfer_oci_style&#34;, &#34;duration&#34;: &#34;993 ms&#34;, &#34;resultsTableRow&#34;: [&#34;&lt;td class=\&#34;col-result\&#34;&gt;Failed&lt;/td&gt;&#34;, &#34;&lt;td class=\&#34;col-testId\&#34;&gt;test_transfer_image.py::test_multi_arch_image_transfer_oci_style&lt;/td&gt;&#34;, &#34;&lt;td class=\&#34;col-duration\&#34;&gt;993 ms&lt;/td&gt;&#34;, &#34;&lt;td class=\&#34;col-links\&#34;&gt;&lt;/td&gt;&#34;], &#34;log&#34;: &#34;ctx = OcmTestContext(repo_prefix=&amp;#x27;fv-az2022-74.0wghqxblpstuvimudcj3wileth.dx.internal.cloudapp.net&amp;#x27;, repo_host=&amp;#x27;fv-az2022-74...epo_dir=&amp;#x27;fv-az2022-74.0wghqxblpstuvimudcj3wileth.dx.internal.cloudapp.net&amp;#x27;, user_name=&amp;#x27;ocmuser&amp;#x27;, passwd=&amp;#x27;N&amp;amp;LLiijFo36z&amp;#x27;)\n\n    def test_multi_arch_image_transfer_oci_style(ctx: OcmTestContext):\n        image_name = &amp;#x27;hello-multi:0.1.0&amp;#x27;\n        image_ref = f&amp;#x27;{ctx.repo_dir}/images/{image_name}&amp;#x27;\n        target_image_ref = f&amp;#x27;{ctx.repo_dir}/image-test/{image_name}&amp;#x27;\n        client = upload_image.get_oci_client()\n        upload_image.upload_multi_arch_image(client, image_ref, OciImageCreator.Style.OCI_STYLE)\n&amp;gt;       manifest = do_image_transfer(client, image_ref, target_image_ref)\n\ntests/test_transfer_image.py:103: \n_ _ _ _ _ _ _ _ _ _ _ _ _ _ _ _ _ _ _ _ _ _ _ _ _ _ _ _ _ _ _ _ _ _ _ _ _ _ _ _ \ntests/test_transfer_image.py:29: in do_image_transfer\n    ocm.execute_ocm(f&amp;#x27;transfer artifacts {image_ref} {target_image_ref}&amp;#x27;)\n_ _ _ _ _ _ _ _ _ _ _ _ _ _ _ _ _ _ _ _ _ _ _ _ _ _ _ _ _ _ _ _ _ _ _ _ _ _ _ _ \n\nargs = &amp;#x27;transfer artifacts fv-az2022-74.0wghqxblpstuvimudcj3wileth.dx.internal.cloudapp.net/images/hello-multi:0.1.0 fv-az2022-74.0wghqxblpstuvimudcj3wileth.dx.internal.cloudapp.net/image-test/hello-multi:0.1.0&amp;#x27;\nkwargs = {}\ncmd = [&amp;#x27;ocm&amp;#x27;, &amp;#x27;transfer&amp;#x27;, &amp;#x27;artifacts&amp;#x27;, &amp;#x27;fv-az2022-74.0wghqxblpstuvimudcj3wileth.dx.internal.cloudapp.net/images/hello-multi:0.1.0&amp;#x27;, &amp;#x27;fv-az2022-74.0wghqxblpstuvimudcj3wileth.dx.internal.cloudapp.net/image-test/hello-multi:0.1.0&amp;#x27;]\nres = CompletedProcess(args=[&amp;#x27;ocm&amp;#x27;, &amp;#x27;transfer&amp;#x27;, &amp;#x27;artifacts&amp;#x27;, &amp;#x27;fv-az2022-74.0wghqxblpstuvimudcj3wileth.dx.internal.cloudapp.n...est blob unknown: blob unknown to registry: sha256:8e4b16cffc68f98ff10863294e96c995052a265fa430e8bfa57241b202754e45\\n&amp;#x27;)\n\n    def execute_ocm(args: str, **kwargs) -&amp;gt; subprocess.CompletedProcess:\n        cmd = [&amp;#x27;ocm&amp;#x27;]\n        # to preserve quoted strings: re.findall(r&amp;#x27;(\\w+|&amp;quot;.*?&amp;quot;)&amp;#x27;, args)\n        cmd.extend(args.split(&amp;#x27; &amp;#x27;))\n        print(f&amp;#x27;Running: {cmd}&amp;#x27;)\n        res = subprocess.run(cmd, stdout=subprocess.PIPE, stderr=subprocess.STDOUT, **kwargs)\n        print(res.stdout.decode())\n        if res.returncode != 0:\n&amp;gt;           raise OcmCliException(f&amp;#x27;ocm command failed with return-code {res.returncode}, &amp;#x27;\n                                  f&amp;#x27;output: &amp;quot;{res.stdout.decode()}&amp;quot;&amp;#x27;)\nE           ocmcli.OcmCliException: ocm command failed with return-code 1, output: &amp;quot;copying fv-az2022-74.0wghqxblpstuvimudcj3wileth.dx.internal.cloudapp.net/images/hello-multi:0.1.0 to fv-az2022-74.0wghqxblpstuvimudcj3wileth.dx.internal.cloudapp.net/image-test/hello-multi:0.1.0...\nE           Error: transferring index artifact: failed to push tag 0.1.0: unable to push: PUT &amp;quot;https://fv-az2022-74.0wghqxblpstuvimudcj3wileth.dx.internal.cloudapp.net/v2/image-test/hello-multi/manifests/0.1.0&amp;quot;: response status code 400: manifest blob unknown: blob unknown to registry: sha256:052413bf6c85a45d404be6100d35efa3bacd4fffd7338c52c0477e33ba75d671; manifest blob unknown: blob unknown to registry: sha256:8e4b16cffc68f98ff10863294e96c995052a265fa430e8bfa57241b202754e45\nE           &amp;quot;\n\ntests/ocmcli.py:25: OcmCliException\n\n----------------------------- Captured stdout call -----------------------------\n/home/runner/work/ocm-integrationtest/ocm-integrationtest/image\nFile /home/runner/work/ocm-integrationtest/ocm-integrationtest/gen/image-out/layer.tgz written\nFile /home/runner/work/ocm-integrationtest/ocm-integrationtest/gen/image-out/layer.tgz written\nUploaded multi-arch child manifest: arm64: sha256:052413bf6c85a45d404be6100d35efa3bacd4fffd7338c52c0477e33ba75d671\n/home/runner/work/ocm-integrationtest/ocm-integrationtest/image\nFile /home/runner/work/ocm-integrationtest/ocm-integrationtest/gen/image-out/layer.tgz written\nFile /home/runner/work/ocm-integrationtest/ocm-integrationtest/gen/image-out/layer.tgz written\nUploaded multi-arch child manifest: amd64: sha256:8e4b16cffc68f98ff10863294e96c995052a265fa430e8bfa57241b202754e45\nresponse manifest upload: 201\nRunning: [&amp;#x27;ocm&amp;#x27;, &amp;#x27;transfer&amp;#x27;, &amp;#x27;artifacts&amp;#x27;, &amp;#x27;fv-az2022-74.0wghqxblpstuvimudcj3wileth.dx.internal.cloudapp.net/images/hello-multi:0.1.0&amp;#x27;, &amp;#x27;fv-az2022-74.0wghqxblpstuvimudcj3wileth.dx.internal.cloudapp.net/image-test/hello-multi:0.1.0&amp;#x27;]\ncopying fv-az2022-74.0wghqxblpstuvimudcj3wileth.dx.internal.cloudapp.net/images/hello-multi:0.1.0 to fv-az2022-74.0wghqxblpstuvimudcj3wileth.dx.internal.cloudapp.net/image-test/hello-multi:0.1.0...\nError: transferring index artifact: failed to push tag 0.1.0: unable to push: PUT &amp;quot;https://fv-az2022-74.0wghqxblpstuvimudcj3wileth.dx.internal.cloudapp.net/v2/image-test/hello-multi/manifests/0.1.0&amp;quot;: response status code 400: manifest blob unknown: blob unknown to registry: sha256:052413bf6c85a45d404be6100d35efa3bacd4fffd7338c52c0477e33ba75d671; manifest blob unknown: blob unknown to registry: sha256:8e4b16cffc68f98ff10863294e96c995052a265fa430e8bfa57241b202754e45\n\n&#34;}], &#34;test_transport.py::test_transport_plain&#34;: [{&#34;extras&#34;: [], &#34;result&#34;: &#34;Failed&#34;, &#34;testId&#34;: &#34;test_transport.py::test_transport_plain&#34;, &#34;duration&#34;: &#34;00:00:12&#34;, &#34;resultsTableRow&#34;: [&#34;&lt;td class=\&#34;col-result\&#34;&gt;Failed&lt;/td&gt;&#34;, &#34;&lt;td class=\&#34;col-testId\&#34;&gt;test_transport.py::test_transport_plain&lt;/td&gt;&#34;, &#34;&lt;td class=\&#34;col-duration\&#34;&gt;00:00:12&lt;/td&gt;&#34;, &#34;&lt;td class=\&#34;col-links\&#34;&gt;&lt;/td&gt;&#34;], &#34;log&#34;: &#34;ctx = OcmTestContext(repo_prefix=&amp;#x27;fv-az2022-74.0wghqxblpstuvimudcj3wileth.dx.internal.cloudapp.net&amp;#x27;, repo_host=&amp;#x27;fv-az2022-74...epo_dir=&amp;#x27;fv-az2022-74.0wghqxblpstuvimudcj3wileth.dx.internal.cloudapp.net&amp;#x27;, user_name=&amp;#x27;ocmuser&amp;#x27;, passwd=&amp;#x27;N&amp;amp;LLiijFo36z&amp;#x27;)\n\n    def test_transport_plain(ctx: OcmTestContext):\n        target_repo_url = f&amp;#x27;{ctx.repo_prefix}/target-{util.randomword(4)}&amp;#x27;\n        logger.info(f&amp;#x27;{target_repo_url=}&amp;#x27;)\n    \n&amp;gt;       oci = do_transport_and_get_cd(ctx, target_repo_url, False, False)\n\ntests/test_transport.py:82: \n_ _ _ _ _ _ _ _ _ _ _ _ _ _ _ _ _ _ _ _ _ _ _ _ _ _ _ _ _ _ _ _ _ _ _ _ _ _ _ _ \ntests/test_transport.py:43: in do_transport_and_get_cd\n    create_child_component(repo_url)\ntests/test_transport.py:28: in create_child_component\n    cli.push(force=True, by_value=True)\ntests/ocmcli.py:209: in push\n    execute_ocm(cmd_line)\n_ _ _ _ _ _ _ _ _ _ _ _ _ _ _ _ _ _ _ _ _ _ _ _ _ _ _ _ _ _ _ _ _ _ _ _ _ _ _ _ \n\nargs = &amp;#x27;transfer ctf -f --copy-resources /home/runner/work/ocm-integrationtest/ocm-integrationtest/gen/ctf fv-az2022-74.0wghqxblpstuvimudcj3wileth.dx.internal.cloudapp.net/src&amp;#x27;\nkwargs = {}\ncmd = [&amp;#x27;ocm&amp;#x27;, &amp;#x27;transfer&amp;#x27;, &amp;#x27;ctf&amp;#x27;, &amp;#x27;-f&amp;#x27;, &amp;#x27;--copy-resources&amp;#x27;, &amp;#x27;/home/runner/work/ocm-integrationtest/ocm-integrationtest/gen/ctf&amp;#x27;, ...]\nres = CompletedProcess(args=[&amp;#x27;ocm&amp;#x27;, &amp;#x27;transfer&amp;#x27;, &amp;#x27;ctf&amp;#x27;, &amp;#x27;-f&amp;#x27;, &amp;#x27;--copy-resources&amp;#x27;, &amp;#x27;/home/runner/work/ocm-integrationtest/ocm-...est blob unknown: blob unknown to registry: sha256:1175fd4d728641115e2802be80abab108b8d9306442ce35425a4e8707ca60521\\n&amp;#x27;)\n\n    def execute_ocm(args: str, **kwargs) -&amp;gt; subprocess.CompletedProcess:\n        cmd = [&amp;#x27;ocm&amp;#x27;]\n        # to preserve quoted strings: re.findall(r&amp;#x27;(\\w+|&amp;quot;.*?&amp;quot;)&amp;#x27;, args)\n        cmd.extend(args.split(&amp;#x27; &amp;#x27;))\n        print(f&amp;#x27;Running: {cmd}&amp;#x27;)\n        res = subprocess.run(cmd, stdout=subprocess.PIPE, stderr=subprocess.STDOUT, **kwargs)\n        print(res.stdout.decode())\n        if res.returncode != 0:\n&amp;gt;           raise OcmCliException(f&amp;#x27;ocm command failed with return-code {res.returncode}, &amp;#x27;\n                                  f&amp;#x27;output: &amp;quot;{res.stdout.decode()}&amp;quot;&amp;#x27;)\nE           ocmcli.OcmCliException: ocm command failed with return-code 1, output: &amp;quot;transferring component &amp;quot;ocm.integrationtest/helper&amp;quot;...\nE             transferring version &amp;quot;ocm.integrationtest/helper:1.0.0&amp;quot;...\nE             ...resource 0 pause_image[ociImage](google_containers/pause:3.2)...\nE           Error: ocm.integrationtest/helper:1.0.0: transferring resource 0: unable to add blob (component ocm.integrationtest/helper:1.0.0 resource pause_image): exploding OCI artifact resource blob ([google_containers/pause:3.2] namespace src/google_containers/pause: transfer artifact): transferring index artifact: failed to push tag 3.2: unable to push: PUT &amp;quot;https://fv-az2022-74.0wghqxblpstuvimudcj3wileth.dx.internal.cloudapp.net/v2/src/google_containers/pause/manifests/3.2&amp;quot;: response status code 400: manifest blob unknown: blob unknown to registry: sha256:4a1c4b21597c1b4415bdbecb28a3296c6b5e23ca4f9feeb599860a1dac6a0108; manifest blob unknown: blob unknown to registry: sha256:bbb7780ca6592cfc98e601f2a5e94bbf748a232f9116518643905aa30fc01642; manifest blob unknown: blob unknown to registry: sha256:31d3efd12022ffeffb3146bc10ae8beb890c80ed2f07363515580add7ed47636; manifest blob unknown: blob unknown to registry: sha256:7f82fecd72730a6aeb70713476fb6f7545ed1bbf32cadd7414a77d25e235aaca; manifest blob unknown: blob unknown to registry: sha256:1175fd4d728641115e2802be80abab108b8d9306442ce35425a4e8707ca60521\nE           Error: component transport: ocm.integrationtest/helper:1.0.0: transferring resource 0: unable to add blob (component ocm.integrationtest/helper:1.0.0 resource pause_image): exploding OCI artifact resource blob ([google_containers/pause:3.2] namespace src/google_containers/pause: transfer artifact): transferring index artifact: failed to push tag 3.2: unable to push: PUT &amp;quot;https://fv-az2022-74.0wghqxblpstuvimudcj3wileth.dx.internal.cloudapp.net/v2/src/google_containers/pause/manifests/3.2&amp;quot;: response status code 400: manifest blob unknown: blob unknown to registry: sha256:4a1c4b21597c1b4415bdbecb28a3296c6b5e23ca4f9feeb599860a1dac6a0108; manifest blob unknown: blob unknown to registry: sha256:bbb7780ca6592cfc98e601f2a5e94bbf748a232f9116518643905aa30fc01642; manifest blob unknown: blob unknown to registry: sha256:31d3efd12022ffeffb3146bc10ae8beb890c80ed2f07363515580add7ed47636; manifest blob unknown: blob unknown to registry: sha256:7f82fecd72730a6aeb70713476fb6f7545ed1bbf32cadd7414a77d25e235aaca; manifest blob unknown: blob unknown to registry: sha256:1175fd4d728641115e2802be80abab108b8d9306442ce35425a4e8707ca60521\nE           &amp;quot;\n\ntests/ocmcli.py:25: OcmCliException\n\n----------------------------- Captured stdout call -----------------------------\nGenerating in /home/runner/work/ocm-integrationtest/ocm-integrationtest/gen\nGenerating transport archive in /home/runner/work/ocm-integrationtest/ocm-integrationtest/gen/ctf\nCalling ocm: add componentversions --create --file /home/runner/work/ocm-integrationtest/ocm-integrationtest/gen/ctf /home/runner/work/ocm-integrationtest/ocm-integrationtest/gen/component.yaml\nRunning: [&amp;#x27;ocm&amp;#x27;, &amp;#x27;add&amp;#x27;, &amp;#x27;componentversions&amp;#x27;, &amp;#x27;--create&amp;#x27;, &amp;#x27;--file&amp;#x27;, &amp;#x27;/home/runner/work/ocm-integrationtest/ocm-integrationtest/gen/ctf&amp;#x27;, &amp;#x27;/home/runner/work/ocm-integrationtest/ocm-integrationtest/gen/component.yaml&amp;#x27;]\nprocessing /home/runner/work/ocm-integrationtest/ocm-integrationtest/gen/component.yaml...\n  processing document 1...\n    processing index 1\nfound 1 component\nadding component ocm.integrationtest/helper:1.0.0...\n  adding resource ociImage: &amp;quot;name&amp;quot;=&amp;quot;pause_image&amp;quot;,&amp;quot;version&amp;quot;=&amp;quot;3.2.0&amp;quot;...\n\nRunning: [&amp;#x27;ocm&amp;#x27;, &amp;#x27;transfer&amp;#x27;, &amp;#x27;ctf&amp;#x27;, &amp;#x27;-f&amp;#x27;, &amp;#x27;--copy-resources&amp;#x27;, &amp;#x27;/home/runner/work/ocm-integrationtest/ocm-integrationtest/gen/ctf&amp;#x27;, &amp;#x27;fv-az2022-74.0wghqxblpstuvimudcj3wileth.dx.internal.cloudapp.net/src&amp;#x27;]\ntransferring component &amp;quot;ocm.integrationtest/helper&amp;quot;...\n  transferring version &amp;quot;ocm.integrationtest/helper:1.0.0&amp;quot;...\n  ...resource 0 pause_image[ociImage](google_containers/pause:3.2)...\nError: ocm.integrationtest/helper:1.0.0: transferring resource 0: unable to add blob (component ocm.integrationtest/helper:1.0.0 resource pause_image): exploding OCI artifact resource blob ([google_containers/pause:3.2] namespace src/google_containers/pause: transfer artifact): transferring index artifact: failed to push tag 3.2: unable to push: PUT &amp;quot;https://fv-az2022-74.0wghqxblpstuvimudcj3wileth.dx.internal.cloudapp.net/v2/src/google_containers/pause/manifests/3.2&amp;quot;: response status code 400: manifest blob unknown: blob unknown to registry: sha256:4a1c4b21597c1b4415bdbecb28a3296c6b5e23ca4f9feeb599860a1dac6a0108; manifest blob unknown: blob unknown to registry: sha256:bbb7780ca6592cfc98e601f2a5e94bbf748a232f9116518643905aa30fc01642; manifest blob unknown: blob unknown to registry: sha256:31d3efd12022ffeffb3146bc10ae8beb890c80ed2f07363515580add7ed47636; manifest blob unknown: blob unknown to registry: sha256:7f82fecd72730a6aeb70713476fb6f7545ed1bbf32cadd7414a77d25e235aaca; manifest blob unknown: blob unknown to registry: sha256:1175fd4d728641115e2802be80abab108b8d9306442ce35425a4e8707ca60521\nError: component transport: ocm.integrationtest/helper:1.0.0: transferring resource 0: unable to add blob (component ocm.integrationtest/helper:1.0.0 resource pause_image): exploding OCI artifact resource blob ([google_containers/pause:3.2] namespace src/google_containers/pause: transfer artifact): transferring index artifact: failed to push tag 3.2: unable to push: PUT &amp;quot;https://fv-az2022-74.0wghqxblpstuvimudcj3wileth.dx.internal.cloudapp.net/v2/src/google_containers/pause/manifests/3.2&amp;quot;: response status code 400: manifest blob unknown: blob unknown to registry: sha256:4a1c4b21597c1b4415bdbecb28a3296c6b5e23ca4f9feeb599860a1dac6a0108; manifest blob unknown: blob unknown to registry: sha256:bbb7780ca6592cfc98e601f2a5e94bbf748a232f9116518643905aa30fc01642; manifest blob unknown: blob unknown to registry: sha256:31d3efd12022ffeffb3146bc10ae8beb890c80ed2f07363515580add7ed47636; manifest blob unknown: blob unknown to registry: sha256:7f82fecd72730a6aeb70713476fb6f7545ed1bbf32cadd7414a77d25e235aaca; manifest blob unknown: blob unknown to registry: sha256:1175fd4d728641115e2802be80abab108b8d9306442ce35425a4e8707ca60521\n\n\n------------------------------ Captured log call -------------------------------\nINFO     test_transport:test_transport.py:80 target_repo_url=&amp;#x27;fv-az2022-74.0wghqxblpstuvimudcj3wileth.dx.internal.cloudapp.net/target-erzz&amp;#x27;\n\n&#34;}], &#34;test_transport.py::test_transport_by_value&#34;: [{&#34;extras&#34;: [], &#34;result&#34;: &#34;Failed&#34;, &#34;testId&#34;: &#34;test_transport.py::test_transport_by_value&#34;, &#34;duration&#34;: &#34;00:00:12&#34;, &#34;resultsTableRow&#34;: [&#34;&lt;td class=\&#34;col-result\&#34;&gt;Failed&lt;/td&gt;&#34;, &#34;&lt;td class=\&#34;col-testId\&#34;&gt;test_transport.py::test_transport_by_value&lt;/td&gt;&#34;, &#34;&lt;td class=\&#34;col-duration\&#34;&gt;00:00:12&lt;/td&gt;&#34;, &#34;&lt;td class=\&#34;col-links\&#34;&gt;&lt;/td&gt;&#34;], &#34;log&#34;: &#34;ctx = OcmTestContext(repo_prefix=&amp;#x27;fv-az2022-74.0wghqxblpstuvimudcj3wileth.dx.internal.cloudapp.net&amp;#x27;, repo_host=&amp;#x27;fv-az2022-74...epo_dir=&amp;#x27;fv-az2022-74.0wghqxblpstuvimudcj3wileth.dx.internal.cloudapp.net&amp;#x27;, user_name=&amp;#x27;ocmuser&amp;#x27;, passwd=&amp;#x27;N&amp;amp;LLiijFo36z&amp;#x27;)\n\n    def test_transport_by_value(ctx: OcmTestContext):\n        target_repo_url = f&amp;#x27;{ctx.repo_prefix}/target-{util.randomword(4)}&amp;#x27;\n        logger.info(f&amp;#x27;{target_repo_url=}&amp;#x27;)\n    \n&amp;gt;       oci = do_transport_and_get_cd(ctx, target_repo_url, True, False)\n\ntests/test_transport.py:96: \n_ _ _ _ _ _ _ _ _ _ _ _ _ _ _ _ _ _ _ _ _ _ _ _ _ _ _ _ _ _ _ _ _ _ _ _ _ _ _ _ \ntests/test_transport.py:43: in do_transport_and_get_cd\n    create_child_component(repo_url)\ntests/test_transport.py:28: in create_child_component\n    cli.push(force=True, by_value=True)\ntests/ocmcli.py:209: in push\n    execute_ocm(cmd_line)\n_ _ _ _ _ _ _ _ _ _ _ _ _ _ _ _ _ _ _ _ _ _ _ _ _ _ _ _ _ _ _ _ _ _ _ _ _ _ _ _ \n\nargs = &amp;#x27;transfer ctf -f --copy-resources /home/runner/work/ocm-integrationtest/ocm-integrationtest/gen/ctf fv-az2022-74.0wghqxblpstuvimudcj3wileth.dx.internal.cloudapp.net/src&amp;#x27;\nkwargs = {}\ncmd = [&amp;#x27;ocm&amp;#x27;, &amp;#x27;transfer&amp;#x27;, &amp;#x27;ctf&amp;#x27;, &amp;#x27;-f&amp;#x27;, &amp;#x27;--copy-resources&amp;#x27;, &amp;#x27;/home/runner/work/ocm-integrationtest/ocm-integrationtest/gen/ctf&amp;#x27;, ...]\nres = CompletedProcess(args=[&amp;#x27;ocm&amp;#x27;, &amp;#x27;transfer&amp;#x27;, &amp;#x27;ctf&amp;#x27;, &amp;#x27;-f&amp;#x27;, &amp;#x27;--copy-resources&amp;#x27;, &amp;#x27;/home/runner/work/ocm-integrationtest/ocm-...est blob unknown: blob unknown to registry: sha256:1175fd4d728641115e2802be80abab108b8d9306442ce35425a4e8707ca60521\\n&amp;#x27;)\n\n    def execute_ocm(args: str, **kwargs) -&amp;gt; subprocess.CompletedProcess:\n        cmd = [&amp;#x27;ocm&amp;#x27;]\n        # to preserve quoted strings: re.findall(r&amp;#x27;(\\w+|&amp;quot;.*?&amp;quot;)&amp;#x27;, args)\n        cmd.extend(args.split(&amp;#x27; &amp;#x27;))\n        print(f&amp;#x27;Running: {cmd}&amp;#x27;)\n        res = subprocess.run(cmd, stdout=subprocess.PIPE, stderr=subprocess.STDOUT, **kwargs)\n        print(res.stdout.decode())\n        if res.returncode != 0:\n&amp;gt;           raise OcmCliException(f&amp;#x27;ocm command failed with return-code {res.returncode}, &amp;#x27;\n                                  f&amp;#x27;output: &amp;quot;{res.stdout.decode()}&amp;quot;&amp;#x27;)\nE           ocmcli.OcmCliException: ocm command failed with return-code 1, output: &amp;quot;transferring component &amp;quot;ocm.integrationtest/helper&amp;quot;...\nE             transferring version &amp;quot;ocm.integrationtest/helper:1.0.0&amp;quot;...\nE             ...resource 0 pause_image[ociImage](google_containers/pause:3.2)...\nE           Error: ocm.integrationtest/helper:1.0.0: transferring resource 0: unable to add blob (component ocm.integrationtest/helper:1.0.0 resource pause_image): exploding OCI artifact resource blob ([google_containers/pause:3.2] namespace src/google_containers/pause: transfer artifact): transferring index artifact: failed to push tag 3.2: unable to push: PUT &amp;quot;https://fv-az2022-74.0wghqxblpstuvimudcj3wileth.dx.internal.cloudapp.net/v2/src/google_containers/pause/manifests/3.2&amp;quot;: response status code 400: manifest blob unknown: blob unknown to registry: sha256:4a1c4b21597c1b4415bdbecb28a3296c6b5e23ca4f9feeb599860a1dac6a0108; manifest blob unknown: blob unknown to registry: sha256:bbb7780ca6592cfc98e601f2a5e94bbf748a232f9116518643905aa30fc01642; manifest blob unknown: blob unknown to registry: sha256:31d3efd12022ffeffb3146bc10ae8beb890c80ed2f07363515580add7ed47636; manifest blob unknown: blob unknown to registry: sha256:7f82fecd72730a6aeb70713476fb6f7545ed1bbf32cadd7414a77d25e235aaca; manifest blob unknown: blob unknown to registry: sha256:1175fd4d728641115e2802be80abab108b8d9306442ce35425a4e8707ca60521\nE           Error: component transport: ocm.integrationtest/helper:1.0.0: transferring resource 0: unable to add blob (component ocm.integrationtest/helper:1.0.0 resource pause_image): exploding OCI artifact resource blob ([google_containers/pause:3.2] namespace src/google_containers/pause: transfer artifact): transferring index artifact: failed to push tag 3.2: unable to push: PUT &amp;quot;https://fv-az2022-74.0wghqxblpstuvimudcj3wileth.dx.internal.cloudapp.net/v2/src/google_containers/pause/manifests/3.2&amp;quot;: response status code 400: manifest blob unknown: blob unknown to registry: sha256:4a1c4b21597c1b4415bdbecb28a3296c6b5e23ca4f9feeb599860a1dac6a0108; manifest blob unknown: blob unknown to registry: sha256:bbb7780ca6592cfc98e601f2a5e94bbf748a232f9116518643905aa30fc01642; manifest blob unknown: blob unknown to registry: sha256:31d3efd12022ffeffb3146bc10ae8beb890c80ed2f07363515580add7ed47636; manifest blob unknown: blob unknown to registry: sha256:7f82fecd72730a6aeb70713476fb6f7545ed1bbf32cadd7414a77d25e235aaca; manifest blob unknown: blob unknown to registry: sha256:1175fd4d728641115e2802be80abab108b8d9306442ce35425a4e8707ca60521\nE           &amp;quot;\n\ntests/ocmcli.py:25: OcmCliException\n\n----------------------------- Captured stdout call -----------------------------\nGenerating in /home/runner/work/ocm-integrationtest/ocm-integrationtest/gen\nGenerating transport archive in /home/runner/work/ocm-integrationtest/ocm-integrationtest/gen/ctf\nCalling ocm: add componentversions --create --file /home/runner/work/ocm-integrationtest/ocm-integrationtest/gen/ctf /home/runner/work/ocm-integrationtest/ocm-integrationtest/gen/component.yaml\nRunning: [&amp;#x27;ocm&amp;#x27;, &amp;#x27;add&amp;#x27;, &amp;#x27;componentversions&amp;#x27;, &amp;#x27;--create&amp;#x27;, &amp;#x27;--file&amp;#x27;, &amp;#x27;/home/runner/work/ocm-integrationtest/ocm-integrationtest/gen/ctf&amp;#x27;, &amp;#x27;/home/runner/work/ocm-integrationtest/ocm-integrationtest/gen/component.yaml&amp;#x27;]\nprocessing /home/runner/work/ocm-integrationtest/ocm-integrationtest/gen/component.yaml...\n  processing document 1...\n    processing index 1\nfound 1 component\nadding component ocm.integrationtest/helper:1.0.0...\n  adding resource ociImage: &amp;quot;name&amp;quot;=&amp;quot;pause_image&amp;quot;,&amp;quot;version&amp;quot;=&amp;quot;3.2.0&amp;quot;...\n\nRunning: [&amp;#x27;ocm&amp;#x27;, &amp;#x27;transfer&amp;#x27;, &amp;#x27;ctf&amp;#x27;, &amp;#x27;-f&amp;#x27;, &amp;#x27;--copy-resources&amp;#x27;, &amp;#x27;/home/runner/work/ocm-integrationtest/ocm-integrationtest/gen/ctf&amp;#x27;, &amp;#x27;fv-az2022-74.0wghqxblpstuvimudcj3wileth.dx.internal.cloudapp.net/src&amp;#x27;]\ntransferring component &amp;quot;ocm.integrationtest/helper&amp;quot;...\n  transferring version &amp;quot;ocm.integrationtest/helper:1.0.0&amp;quot;...\n  ...resource 0 pause_image[ociImage](google_containers/pause:3.2)...\nError: ocm.integrationtest/helper:1.0.0: transferring resource 0: unable to add blob (component ocm.integrationtest/helper:1.0.0 resource pause_image): exploding OCI artifact resource blob ([google_containers/pause:3.2] namespace src/google_containers/pause: transfer artifact): transferring index artifact: failed to push tag 3.2: unable to push: PUT &amp;quot;https://fv-az2022-74.0wghqxblpstuvimudcj3wileth.dx.internal.cloudapp.net/v2/src/google_containers/pause/manifests/3.2&amp;quot;: response status code 400: manifest blob unknown: blob unknown to registry: sha256:4a1c4b21597c1b4415bdbecb28a3296c6b5e23ca4f9feeb599860a1dac6a0108; manifest blob unknown: blob unknown to registry: sha256:bbb7780ca6592cfc98e601f2a5e94bbf748a232f9116518643905aa30fc01642; manifest blob unknown: blob unknown to registry: sha256:31d3efd12022ffeffb3146bc10ae8beb890c80ed2f07363515580add7ed47636; manifest blob unknown: blob unknown to registry: sha256:7f82fecd72730a6aeb70713476fb6f7545ed1bbf32cadd7414a77d25e235aaca; manifest blob unknown: blob unknown to registry: sha256:1175fd4d728641115e2802be80abab108b8d9306442ce35425a4e8707ca60521\nError: component transport: ocm.integrationtest/helper:1.0.0: transferring resource 0: unable to add blob (component ocm.integrationtest/helper:1.0.0 resource pause_image): exploding OCI artifact resource blob ([google_containers/pause:3.2] namespace src/google_containers/pause: transfer artifact): transferring index artifact: failed to push tag 3.2: unable to push: PUT &amp;quot;https://fv-az2022-74.0wghqxblpstuvimudcj3wileth.dx.internal.cloudapp.net/v2/src/google_containers/pause/manifests/3.2&amp;quot;: response status code 400: manifest blob unknown: blob unknown to registry: sha256:4a1c4b21597c1b4415bdbecb28a3296c6b5e23ca4f9feeb599860a1dac6a0108; manifest blob unknown: blob unknown to registry: sha256:bbb7780ca6592cfc98e601f2a5e94bbf748a232f9116518643905aa30fc01642; manifest blob unknown: blob unknown to registry: sha256:31d3efd12022ffeffb3146bc10ae8beb890c80ed2f07363515580add7ed47636; manifest blob unknown: blob unknown to registry: sha256:7f82fecd72730a6aeb70713476fb6f7545ed1bbf32cadd7414a77d25e235aaca; manifest blob unknown: blob unknown to registry: sha256:1175fd4d728641115e2802be80abab108b8d9306442ce35425a4e8707ca60521\n\n\n------------------------------ Captured log call -------------------------------\nINFO     test_transport:test_transport.py:94 target_repo_url=&amp;#x27;fv-az2022-74.0wghqxblpstuvimudcj3wileth.dx.internal.cloudapp.net/target-njjj&amp;#x27;\n\n&#34;}], &#34;test_transport.py::test_transport_with_reference&#34;: [{&#34;extras&#34;: [], &#34;result&#34;: &#34;Failed&#34;, &#34;testId&#34;: &#34;test_transport.py::test_transport_with_reference&#34;, &#34;duration&#34;: &#34;00:00:12&#34;, &#34;resultsTableRow&#34;: [&#34;&lt;td class=\&#34;col-result\&#34;&gt;Failed&lt;/td&gt;&#34;, &#34;&lt;td class=\&#34;col-testId\&#34;&gt;test_transport.py::test_transport_with_reference&lt;/td&gt;&#34;, &#34;&lt;td class=\&#34;col-duration\&#34;&gt;00:00:12&lt;/td&gt;&#34;, &#34;&lt;td class=\&#34;col-links\&#34;&gt;&lt;/td&gt;&#34;], &#34;log&#34;: &#34;ctx = OcmTestContext(repo_prefix=&amp;#x27;fv-az2022-74.0wghqxblpstuvimudcj3wileth.dx.internal.cloudapp.net&amp;#x27;, repo_host=&amp;#x27;fv-az2022-74...epo_dir=&amp;#x27;fv-az2022-74.0wghqxblpstuvimudcj3wileth.dx.internal.cloudapp.net&amp;#x27;, user_name=&amp;#x27;ocmuser&amp;#x27;, passwd=&amp;#x27;N&amp;amp;LLiijFo36z&amp;#x27;)\n\n    def test_transport_with_reference(ctx: OcmTestContext):\n        target_repo_url = f&amp;#x27;{ctx.repo_prefix}/target-{util.randomword(4)}&amp;#x27;\n        logger.info(f&amp;#x27;{target_repo_url=}&amp;#x27;)\n    \n&amp;gt;       oci = do_transport_and_get_cd(ctx, target_repo_url, True, True)\n\ntests/test_transport.py:107: \n_ _ _ _ _ _ _ _ _ _ _ _ _ _ _ _ _ _ _ _ _ _ _ _ _ _ _ _ _ _ _ _ _ _ _ _ _ _ _ _ \ntests/test_transport.py:43: in do_transport_and_get_cd\n    create_child_component(repo_url)\ntests/test_transport.py:28: in create_child_component\n    cli.push(force=True, by_value=True)\ntests/ocmcli.py:209: in push\n    execute_ocm(cmd_line)\n_ _ _ _ _ _ _ _ _ _ _ _ _ _ _ _ _ _ _ _ _ _ _ _ _ _ _ _ _ _ _ _ _ _ _ _ _ _ _ _ \n\nargs = &amp;#x27;transfer ctf -f --copy-resources /home/runner/work/ocm-integrationtest/ocm-integrationtest/gen/ctf fv-az2022-74.0wghqxblpstuvimudcj3wileth.dx.internal.cloudapp.net/src&amp;#x27;\nkwargs = {}\ncmd = [&amp;#x27;ocm&amp;#x27;, &amp;#x27;transfer&amp;#x27;, &amp;#x27;ctf&amp;#x27;, &amp;#x27;-f&amp;#x27;, &amp;#x27;--copy-resources&amp;#x27;, &amp;#x27;/home/runner/work/ocm-integrationtest/ocm-integrationtest/gen/ctf&amp;#x27;, ...]\nres = CompletedProcess(args=[&amp;#x27;ocm&amp;#x27;, &amp;#x27;transfer&amp;#x27;, &amp;#x27;ctf&amp;#x27;, &amp;#x27;-f&amp;#x27;, &amp;#x27;--copy-resources&amp;#x27;, &amp;#x27;/home/runner/work/ocm-integrationtest/ocm-...est blob unknown: blob unknown to registry: sha256:1175fd4d728641115e2802be80abab108b8d9306442ce35425a4e8707ca60521\\n&amp;#x27;)\n\n    def execute_ocm(args: str, **kwargs) -&amp;gt; subprocess.CompletedProcess:\n        cmd = [&amp;#x27;ocm&amp;#x27;]\n        # to preserve quoted strings: re.findall(r&amp;#x27;(\\w+|&amp;quot;.*?&amp;quot;)&amp;#x27;, args)\n        cmd.extend(args.split(&amp;#x27; &amp;#x27;))\n        print(f&amp;#x27;Running: {cmd}&amp;#x27;)\n        res = subprocess.run(cmd, stdout=subprocess.PIPE, stderr=subprocess.STDOUT, **kwargs)\n        print(res.stdout.decode())\n        if res.returncode != 0:\n&amp;gt;           raise OcmCliException(f&amp;#x27;ocm command failed with return-code {res.returncode}, &amp;#x27;\n                                  f&amp;#x27;output: &amp;quot;{res.stdout.decode()}&amp;quot;&amp;#x27;)\nE           ocmcli.OcmCliException: ocm command failed with return-code 1, output: &amp;quot;transferring component &amp;quot;ocm.integrationtest/helper&amp;quot;...\nE             transferring version &amp;quot;ocm.integrationtest/helper:1.0.0&amp;quot;...\nE             ...resource 0 pause_image[ociImage](google_containers/pause:3.2)...\nE           Error: ocm.integrationtest/helper:1.0.0: transferring resource 0: unable to add blob (component ocm.integrationtest/helper:1.0.0 resource pause_image): exploding OCI artifact resource blob ([google_containers/pause:3.2] namespace src/google_containers/pause: transfer artifact): transferring index artifact: failed to push tag 3.2: unable to push: PUT &amp;quot;https://fv-az2022-74.0wghqxblpstuvimudcj3wileth.dx.internal.cloudapp.net/v2/src/google_containers/pause/manifests/3.2&amp;quot;: response status code 400: manifest blob unknown: blob unknown to registry: sha256:4a1c4b21597c1b4415bdbecb28a3296c6b5e23ca4f9feeb599860a1dac6a0108; manifest blob unknown: blob unknown to registry: sha256:bbb7780ca6592cfc98e601f2a5e94bbf748a232f9116518643905aa30fc01642; manifest blob unknown: blob unknown to registry: sha256:31d3efd12022ffeffb3146bc10ae8beb890c80ed2f07363515580add7ed47636; manifest blob unknown: blob unknown to registry: sha256:7f82fecd72730a6aeb70713476fb6f7545ed1bbf32cadd7414a77d25e235aaca; manifest blob unknown: blob unknown to registry: sha256:1175fd4d728641115e2802be80abab108b8d9306442ce35425a4e8707ca60521\nE           Error: component transport: ocm.integrationtest/helper:1.0.0: transferring resource 0: unable to add blob (component ocm.integrationtest/helper:1.0.0 resource pause_image): exploding OCI artifact resource blob ([google_containers/pause:3.2] namespace src/google_containers/pause: transfer artifact): transferring index artifact: failed to push tag 3.2: unable to push: PUT &amp;quot;https://fv-az2022-74.0wghqxblpstuvimudcj3wileth.dx.internal.cloudapp.net/v2/src/google_containers/pause/manifests/3.2&amp;quot;: response status code 400: manifest blob unknown: blob unknown to registry: sha256:4a1c4b21597c1b4415bdbecb28a3296c6b5e23ca4f9feeb599860a1dac6a0108; manifest blob unknown: blob unknown to registry: sha256:bbb7780ca6592cfc98e601f2a5e94bbf748a232f9116518643905aa30fc01642; manifest blob unknown: blob unknown to registry: sha256:31d3efd12022ffeffb3146bc10ae8beb890c80ed2f07363515580add7ed47636; manifest blob unknown: blob unknown to registry: sha256:7f82fecd72730a6aeb70713476fb6f7545ed1bbf32cadd7414a77d25e235aaca; manifest blob unknown: blob unknown to registry: sha256:1175fd4d728641115e2802be80abab108b8d9306442ce35425a4e8707ca60521\nE           &amp;quot;\n\ntests/ocmcli.py:25: OcmCliException\n\n----------------------------- Captured stdout call -----------------------------\nGenerating in /home/runner/work/ocm-integrationtest/ocm-integrationtest/gen\nGenerating transport archive in /home/runner/work/ocm-integrationtest/ocm-integrationtest/gen/ctf\nCalling ocm: add componentversions --create --file /home/runner/work/ocm-integrationtest/ocm-integrationtest/gen/ctf /home/runner/work/ocm-integrationtest/ocm-integrationtest/gen/component.yaml\nRunning: [&amp;#x27;ocm&amp;#x27;, &amp;#x27;add&amp;#x27;, &amp;#x27;componentversions&amp;#x27;, &amp;#x27;--create&amp;#x27;, &amp;#x27;--file&amp;#x27;, &amp;#x27;/home/runner/work/ocm-integrationtest/ocm-integrationtest/gen/ctf&amp;#x27;, &amp;#x27;/home/runner/work/ocm-integrationtest/ocm-integrationtest/gen/component.yaml&amp;#x27;]\nprocessing /home/runner/work/ocm-integrationtest/ocm-integrationtest/gen/component.yaml...\n  processing document 1...\n    processing index 1\nfound 1 component\nadding component ocm.integrationtest/helper:1.0.0...\n  adding resource ociImage: &amp;quot;name&amp;quot;=&amp;quot;pause_image&amp;quot;,&amp;quot;version&amp;quot;=&amp;quot;3.2.0&amp;quot;...\n\nRunning: [&amp;#x27;ocm&amp;#x27;, &amp;#x27;transfer&amp;#x27;, &amp;#x27;ctf&amp;#x27;, &amp;#x27;-f&amp;#x27;, &amp;#x27;--copy-resources&amp;#x27;, &amp;#x27;/home/runner/work/ocm-integrationtest/ocm-integrationtest/gen/ctf&amp;#x27;, &amp;#x27;fv-az2022-74.0wghqxblpstuvimudcj3wileth.dx.internal.cloudapp.net/src&amp;#x27;]\ntransferring component &amp;quot;ocm.integrationtest/helper&amp;quot;...\n  transferring version &amp;quot;ocm.integrationtest/helper:1.0.0&amp;quot;...\n  ...resource 0 pause_image[ociImage](google_containers/pause:3.2)...\nError: ocm.integrationtest/helper:1.0.0: transferring resource 0: unable to add blob (component ocm.integrationtest/helper:1.0.0 resource pause_image): exploding OCI artifact resource blob ([google_containers/pause:3.2] namespace src/google_containers/pause: transfer artifact): transferring index artifact: failed to push tag 3.2: unable to push: PUT &amp;quot;https://fv-az2022-74.0wghqxblpstuvimudcj3wileth.dx.internal.cloudapp.net/v2/src/google_containers/pause/manifests/3.2&amp;quot;: response status code 400: manifest blob unknown: blob unknown to registry: sha256:4a1c4b21597c1b4415bdbecb28a3296c6b5e23ca4f9feeb599860a1dac6a0108; manifest blob unknown: blob unknown to registry: sha256:bbb7780ca6592cfc98e601f2a5e94bbf748a232f9116518643905aa30fc01642; manifest blob unknown: blob unknown to registry: sha256:31d3efd12022ffeffb3146bc10ae8beb890c80ed2f07363515580add7ed47636; manifest blob unknown: blob unknown to registry: sha256:7f82fecd72730a6aeb70713476fb6f7545ed1bbf32cadd7414a77d25e235aaca; manifest blob unknown: blob unknown to registry: sha256:1175fd4d728641115e2802be80abab108b8d9306442ce35425a4e8707ca60521\nError: component transport: ocm.integrationtest/helper:1.0.0: transferring resource 0: unable to add blob (component ocm.integrationtest/helper:1.0.0 resource pause_image): exploding OCI artifact resource blob ([google_containers/pause:3.2] namespace src/google_containers/pause: transfer artifact): transferring index artifact: failed to push tag 3.2: unable to push: PUT &amp;quot;https://fv-az2022-74.0wghqxblpstuvimudcj3wileth.dx.internal.cloudapp.net/v2/src/google_containers/pause/manifests/3.2&amp;quot;: response status code 400: manifest blob unknown: blob unknown to registry: sha256:4a1c4b21597c1b4415bdbecb28a3296c6b5e23ca4f9feeb599860a1dac6a0108; manifest blob unknown: blob unknown to registry: sha256:bbb7780ca6592cfc98e601f2a5e94bbf748a232f9116518643905aa30fc01642; manifest blob unknown: blob unknown to registry: sha256:31d3efd12022ffeffb3146bc10ae8beb890c80ed2f07363515580add7ed47636; manifest blob unknown: blob unknown to registry: sha256:7f82fecd72730a6aeb70713476fb6f7545ed1bbf32cadd7414a77d25e235aaca; manifest blob unknown: blob unknown to registry: sha256:1175fd4d728641115e2802be80abab108b8d9306442ce35425a4e8707ca60521\n\n\n------------------------------ Captured log call -------------------------------\nINFO     test_transport:test_transport.py:105 target_repo_url=&amp;#x27;fv-az2022-74.0wghqxblpstuvimudcj3wileth.dx.internal.cloudapp.net/target-iwxy&amp;#x27;\n\n&#34;}], &#34;test_with_ocmconfig.py::test_config&#34;: [{&#34;extras&#34;: [], &#34;result&#34;: &#34;Failed&#34;, &#34;testId&#34;: &#34;test_with_ocmconfig.py::test_config&#34;, &#34;duration&#34;: &#34;00:00:11&#34;, &#34;resultsTableRow&#34;: [&#34;&lt;td class=\&#34;col-result\&#34;&gt;Failed&lt;/td&gt;&#34;, &#34;&lt;td class=\&#34;col-testId\&#34;&gt;test_with_ocmconfig.py::test_config&lt;/td&gt;&#34;, &#34;&lt;td class=\&#34;col-duration\&#34;&gt;00:00:11&lt;/td&gt;&#34;, &#34;&lt;td class=\&#34;col-links\&#34;&gt;&lt;/td&gt;&#34;], &#34;log&#34;: &#34;ctx = OcmTestContext(repo_prefix=&amp;#x27;fv-az2022-74.0wghqxblpstuvimudcj3wileth.dx.internal.cloudapp.net&amp;#x27;, repo_host=&amp;#x27;fv-az2022-74...epo_dir=&amp;#x27;fv-az2022-74.0wghqxblpstuvimudcj3wileth.dx.internal.cloudapp.net&amp;#x27;, user_name=&amp;#x27;ocmuser&amp;#x27;, passwd=&amp;#x27;N&amp;amp;LLiijFo36z&amp;#x27;)\n\n    def test_config(ctx: OcmTestContext):\n        util.print_ocm_config()\n&amp;gt;       ocm.execute_ocm(f&amp;#x27;transfer artifacts gcr.io/google-containers/pause:3.2 {ctx.repo_dir}/images/pause:3.2&amp;#x27;)\n\ntests/test_with_ocmconfig.py:15: \n_ _ _ _ _ _ _ _ _ _ _ _ _ _ _ _ _ _ _ _ _ _ _ _ _ _ _ _ _ _ _ _ _ _ _ _ _ _ _ _ \n\nargs = &amp;#x27;transfer artifacts gcr.io/google-containers/pause:3.2 fv-az2022-74.0wghqxblpstuvimudcj3wileth.dx.internal.cloudapp.net/images/pause:3.2&amp;#x27;\nkwargs = {}\ncmd = [&amp;#x27;ocm&amp;#x27;, &amp;#x27;transfer&amp;#x27;, &amp;#x27;artifacts&amp;#x27;, &amp;#x27;gcr.io/google-containers/pause:3.2&amp;#x27;, &amp;#x27;fv-az2022-74.0wghqxblpstuvimudcj3wileth.dx.internal.cloudapp.net/images/pause:3.2&amp;#x27;]\nres = CompletedProcess(args=[&amp;#x27;ocm&amp;#x27;, &amp;#x27;transfer&amp;#x27;, &amp;#x27;artifacts&amp;#x27;, &amp;#x27;gcr.io/google-containers/pause:3.2&amp;#x27;, &amp;#x27;fv-az2022-74.0wghqxblpst...est blob unknown: blob unknown to registry: sha256:1175fd4d728641115e2802be80abab108b8d9306442ce35425a4e8707ca60521\\n&amp;#x27;)\n\n    def execute_ocm(args: str, **kwargs) -&amp;gt; subprocess.CompletedProcess:\n        cmd = [&amp;#x27;ocm&amp;#x27;]\n        # to preserve quoted strings: re.findall(r&amp;#x27;(\\w+|&amp;quot;.*?&amp;quot;)&amp;#x27;, args)\n        cmd.extend(args.split(&amp;#x27; &amp;#x27;))\n        print(f&amp;#x27;Running: {cmd}&amp;#x27;)\n        res = subprocess.run(cmd, stdout=subprocess.PIPE, stderr=subprocess.STDOUT, **kwargs)\n        print(res.stdout.decode())\n        if res.returncode != 0:\n&amp;gt;           raise OcmCliException(f&amp;#x27;ocm command failed with return-code {res.returncode}, &amp;#x27;\n                                  f&amp;#x27;output: &amp;quot;{res.stdout.decode()}&amp;quot;&amp;#x27;)\nE           ocmcli.OcmCliException: ocm command failed with return-code 1, output: &amp;quot;copying gcr.io/google-containers/pause:3.2 to fv-az2022-74.0wghqxblpstuvimudcj3wileth.dx.internal.cloudapp.net/images/pause:3.2...\nE           Error: transferring index artifact: failed to push tag 3.2: unable to push: PUT &amp;quot;https://fv-az2022-74.0wghqxblpstuvimudcj3wileth.dx.internal.cloudapp.net/v2/images/pause/manifests/3.2&amp;quot;: response status code 400: manifest blob unknown: blob unknown to registry: sha256:4a1c4b21597c1b4415bdbecb28a3296c6b5e23ca4f9feeb599860a1dac6a0108; manifest blob unknown: blob unknown to registry: sha256:bbb7780ca6592cfc98e601f2a5e94bbf748a232f9116518643905aa30fc01642; manifest blob unknown: blob unknown to registry: sha256:31d3efd12022ffeffb3146bc10ae8beb890c80ed2f07363515580add7ed47636; manifest blob unknown: blob unknown to registry: sha256:7f82fecd72730a6aeb70713476fb6f7545ed1bbf32cadd7414a77d25e235aaca; manifest blob unknown: blob unknown to registry: sha256:1175fd4d728641115e2802be80abab108b8d9306442ce35425a4e8707ca60521\nE           &amp;quot;\n\ntests/ocmcli.py:25: OcmCliException\n\n----------------------------- Captured stdout call -----------------------------\nOCM configuration file read from: /home/runner/.ocmconfig:\ntype: generic.config.ocm.software/v1\nconfigurations:\n  - type: credentials.config.ocm.software\n    consumers:\n      - identity:\n          type: OCIRegistry\n          hostname: fv-az2022-74.0wghqxblpstuvimudcj3wileth.dx.internal.cloudapp.net\n        credentials:\n          - type: Credentials\n            properties:\n              username: ocmuser\n              password: &amp;quot;N&amp;amp;LLiijFo36z&amp;quot;\n\nRunning: [&amp;#x27;ocm&amp;#x27;, &amp;#x27;transfer&amp;#x27;, &amp;#x27;artifacts&amp;#x27;, &amp;#x27;gcr.io/google-containers/pause:3.2&amp;#x27;, &amp;#x27;fv-az2022-74.0wghqxblpstuvimudcj3wileth.dx.internal.cloudapp.net/images/pause:3.2&amp;#x27;]\ncopying gcr.io/google-containers/pause:3.2 to fv-az2022-74.0wghqxblpstuvimudcj3wileth.dx.internal.cloudapp.net/images/pause:3.2...\nError: transferring index artifact: failed to push tag 3.2: unable to push: PUT &amp;quot;https://fv-az2022-74.0wghqxblpstuvimudcj3wileth.dx.internal.cloudapp.net/v2/images/pause/manifests/3.2&amp;quot;: response status code 400: manifest blob unknown: blob unknown to registry: sha256:4a1c4b21597c1b4415bdbecb28a3296c6b5e23ca4f9feeb599860a1dac6a0108; manifest blob unknown: blob unknown to registry: sha256:bbb7780ca6592cfc98e601f2a5e94bbf748a232f9116518643905aa30fc01642; manifest blob unknown: blob unknown to registry: sha256:31d3efd12022ffeffb3146bc10ae8beb890c80ed2f07363515580add7ed47636; manifest blob unknown: blob unknown to registry: sha256:7f82fecd72730a6aeb70713476fb6f7545ed1bbf32cadd7414a77d25e235aaca; manifest blob unknown: blob unknown to registry: sha256:1175fd4d728641115e2802be80abab108b8d9306442ce35425a4e8707ca60521\n\n&#34;}]}, &#34;renderCollapsed&#34;: [&#34;passed&#34;], &#34;initialSort&#34;: &#34;result&#34;, &#34;title&#34;: &#34;report.html&#34;}"></div>
    <script>
      (function(){function r(e,n,t){function o(i,f){if(!n[i]){if(!e[i]){var c="function"==typeof require&&require;if(!f&&c)return c(i,!0);if(u)return u(i,!0);var a=new Error("Cannot find module '"+i+"'");throw a.code="MODULE_NOT_FOUND",a}var p=n[i]={exports:{}};e[i][0].call(p.exports,function(r){var n=e[i][1][r];return o(n||r)},p,p.exports,r,e,n,t)}return n[i].exports}for(var u="function"==typeof require&&require,i=0;i<t.length;i++)o(t[i]);return o}return r})()({1:[function(require,module,exports){
const { getCollapsedCategory, setCollapsedIds } = require('./storage.js')

class DataManager {
    setManager(data) {
        const collapsedCategories = [...getCollapsedCategory(data.renderCollapsed)]
        const collapsedIds = []
        const tests = Object.values(data.tests).flat().map((test, index) => {
            const collapsed = collapsedCategories.includes(test.result.toLowerCase())
            const id = `test_${index}`
            if (collapsed) {
                collapsedIds.push(id)
            }
            return {
                ...test,
                id,
                collapsed,
            }
        })
        const dataBlob = { ...data, tests }
        this.data = { ...dataBlob }
        this.renderData = { ...dataBlob }
        setCollapsedIds(collapsedIds)
    }

    get allData() {
        return { ...this.data }
    }

    resetRender() {
        this.renderData = { ...this.data }
    }

    setRender(data) {
        this.renderData.tests = [...data]
    }

    toggleCollapsedItem(id) {
        this.renderData.tests = this.renderData.tests.map((test) =>
            test.id === id ? { ...test, collapsed: !test.collapsed } : test,
        )
    }

    set allCollapsed(collapsed) {
        this.renderData = { ...this.renderData, tests: [...this.renderData.tests.map((test) => (
            { ...test, collapsed }
        ))] }
    }

    get testSubset() {
        return [...this.renderData.tests]
    }

    get environment() {
        return this.renderData.environment
    }

    get initialSort() {
        return this.data.initialSort
    }
}

module.exports = {
    manager: new DataManager(),
}

},{"./storage.js":8}],2:[function(require,module,exports){
const mediaViewer = require('./mediaviewer.js')
const templateEnvRow = document.getElementById('template_environment_row')
const templateResult = document.getElementById('template_results-table__tbody')

function htmlToElements(html) {
    const temp = document.createElement('template')
    temp.innerHTML = html
    return temp.content.childNodes
}

const find = (selector, elem) => {
    if (!elem) {
        elem = document
    }
    return elem.querySelector(selector)
}

const findAll = (selector, elem) => {
    if (!elem) {
        elem = document
    }
    return [...elem.querySelectorAll(selector)]
}

const dom = {
    getStaticRow: (key, value) => {
        const envRow = templateEnvRow.content.cloneNode(true)
        const isObj = typeof value === 'object' && value !== null
        const values = isObj ? Object.keys(value).map((k) => `${k}: ${value[k]}`) : null

        const valuesElement = htmlToElements(
            values ? `<ul>${values.map((val) => `<li>${val}</li>`).join('')}<ul>` : `<div>${value}</div>`)[0]
        const td = findAll('td', envRow)
        td[0].textContent = key
        td[1].appendChild(valuesElement)

        return envRow
    },
    getResultTBody: ({ testId, id, log, extras, resultsTableRow, tableHtml, result, collapsed }) => {
        const resultBody = templateResult.content.cloneNode(true)
        resultBody.querySelector('tbody').classList.add(result.toLowerCase())
        resultBody.querySelector('tbody').id = testId
        resultBody.querySelector('.collapsible').dataset.id = id

        resultsTableRow.forEach((html) => {
            const t = document.createElement('template')
            t.innerHTML = html
            resultBody.querySelector('.collapsible').appendChild(t.content)
        })

        if (log) {
            // Wrap lines starting with "E" with span.error to color those lines red
            const wrappedLog = log.replace(/^E.*$/gm, (match) => `<span class="error">${match}</span>`)
            resultBody.querySelector('.log').innerHTML = wrappedLog
        } else {
            resultBody.querySelector('.log').remove()
        }

        if (collapsed) {
            resultBody.querySelector('.collapsible > td')?.classList.add('collapsed')
            resultBody.querySelector('.extras-row').classList.add('hidden')
        } else {
            resultBody.querySelector('.collapsible > td')?.classList.remove('collapsed')
        }

        const media = []
        extras?.forEach(({ name, format_type, content }) => {
            if (['image', 'video'].includes(format_type)) {
                media.push({ path: content, name, format_type })
            }

            if (format_type === 'html') {
                resultBody.querySelector('.extraHTML').insertAdjacentHTML('beforeend', `<div>${content}</div>`)
            }
        })
        mediaViewer.setup(resultBody, media)

        // Add custom html from the pytest_html_results_table_html hook
        tableHtml?.forEach((item) => {
            resultBody.querySelector('td[class="extra"]').insertAdjacentHTML('beforeend', item)
        })

        return resultBody
    },
}

module.exports = {
    dom,
    htmlToElements,
    find,
    findAll,
}

},{"./mediaviewer.js":6}],3:[function(require,module,exports){
const { manager } = require('./datamanager.js')
const { doSort } = require('./sort.js')
const storageModule = require('./storage.js')

const getFilteredSubSet = (filter) =>
    manager.allData.tests.filter(({ result }) => filter.includes(result.toLowerCase()))

const doInitFilter = () => {
    const currentFilter = storageModule.getVisible()
    const filteredSubset = getFilteredSubSet(currentFilter)
    manager.setRender(filteredSubset)
}

const doFilter = (type, show) => {
    if (show) {
        storageModule.showCategory(type)
    } else {
        storageModule.hideCategory(type)
    }

    const currentFilter = storageModule.getVisible()
    const filteredSubset = getFilteredSubSet(currentFilter)
    manager.setRender(filteredSubset)

    const sortColumn = storageModule.getSort()
    doSort(sortColumn, true)
}

module.exports = {
    doFilter,
    doInitFilter,
}

},{"./datamanager.js":1,"./sort.js":7,"./storage.js":8}],4:[function(require,module,exports){
const { redraw, bindEvents, renderStatic } = require('./main.js')
const { doInitFilter } = require('./filter.js')
const { doInitSort } = require('./sort.js')
const { manager } = require('./datamanager.js')
const data = JSON.parse(document.getElementById('data-container').dataset.jsonblob)

function init() {
    manager.setManager(data)
    doInitFilter()
    doInitSort()
    renderStatic()
    redraw()
    bindEvents()
}

init()

},{"./datamanager.js":1,"./filter.js":3,"./main.js":5,"./sort.js":7}],5:[function(require,module,exports){
const { dom, find, findAll } = require('./dom.js')
const { manager } = require('./datamanager.js')
const { doSort } = require('./sort.js')
const { doFilter } = require('./filter.js')
const {
    getVisible,
    getCollapsedIds,
    setCollapsedIds,
    getSort,
    getSortDirection,
    possibleFilters,
} = require('./storage.js')

const removeChildren = (node) => {
    while (node.firstChild) {
        node.removeChild(node.firstChild)
    }
}

const renderStatic = () => {
    const renderEnvironmentTable = () => {
        const environment = manager.environment
        const rows = Object.keys(environment).map((key) => dom.getStaticRow(key, environment[key]))
        const table = document.getElementById('environment')
        removeChildren(table)
        rows.forEach((row) => table.appendChild(row))
    }
    renderEnvironmentTable()
}

const addItemToggleListener = (elem) => {
    elem.addEventListener('click', ({ target }) => {
        const id = target.parentElement.dataset.id
        manager.toggleCollapsedItem(id)

        const collapsedIds = getCollapsedIds()
        if (collapsedIds.includes(id)) {
            const updated = collapsedIds.filter((item) => item !== id)
            setCollapsedIds(updated)
        } else {
            collapsedIds.push(id)
            setCollapsedIds(collapsedIds)
        }
        redraw()
    })
}

const renderContent = (tests) => {
    const sortAttr = getSort(manager.initialSort)
    const sortAsc = JSON.parse(getSortDirection())
    const rows = tests.map(dom.getResultTBody)
    const table = document.getElementById('results-table')
    const tableHeader = document.getElementById('results-table-head')

    const newTable = document.createElement('table')
    newTable.id = 'results-table'

    // remove all sorting classes and set the relevant
    findAll('.sortable', tableHeader).forEach((elem) => elem.classList.remove('asc', 'desc'))
    tableHeader.querySelector(`.sortable[data-column-type="${sortAttr}"]`)?.classList.add(sortAsc ? 'desc' : 'asc')
    newTable.appendChild(tableHeader)

    if (!rows.length) {
        const emptyTable = document.getElementById('template_results-table__body--empty').content.cloneNode(true)
        newTable.appendChild(emptyTable)
    } else {
        rows.forEach((row) => {
            if (!!row) {
                findAll('.collapsible td:not(.col-links', row).forEach(addItemToggleListener)
                find('.logexpander', row).addEventListener('click',
                    (evt) => evt.target.parentNode.classList.toggle('expanded'),
                )
                newTable.appendChild(row)
            }
        })
    }

    table.replaceWith(newTable)
}

const renderDerived = () => {
    const currentFilter = getVisible()
    possibleFilters.forEach((result) => {
        const input = document.querySelector(`input[data-test-result="${result}"]`)
        input.checked = currentFilter.includes(result)
    })
}

const bindEvents = () => {
    const filterColumn = (evt) => {
        const { target: element } = evt
        const { testResult } = element.dataset

        doFilter(testResult, element.checked)
        const collapsedIds = getCollapsedIds()
        const updated = manager.renderData.tests.map((test) => {
            return {
                ...test,
                collapsed: collapsedIds.includes(test.id),
            }
        })
        manager.setRender(updated)
        redraw()
    }

    const header = document.getElementById('environment-header')
    header.addEventListener('click', () => {
        const table = document.getElementById('environment')
        table.classList.toggle('hidden')
        header.classList.toggle('collapsed')
    })

    findAll('input[name="filter_checkbox"]').forEach((elem) => {
        elem.addEventListener('click', filterColumn)
    })

    findAll('.sortable').forEach((elem) => {
        elem.addEventListener('click', (evt) => {
            const { target: element } = evt
            const { columnType } = element.dataset
            doSort(columnType)
            redraw()
        })
    })

    document.getElementById('show_all_details').addEventListener('click', () => {
        manager.allCollapsed = false
        setCollapsedIds([])
        redraw()
    })
    document.getElementById('hide_all_details').addEventListener('click', () => {
        manager.allCollapsed = true
        const allIds = manager.renderData.tests.map((test) => test.id)
        setCollapsedIds(allIds)
        redraw()
    })
}

const redraw = () => {
    const { testSubset } = manager

    renderContent(testSubset)
    renderDerived()
}

module.exports = {
    redraw,
    bindEvents,
    renderStatic,
}

},{"./datamanager.js":1,"./dom.js":2,"./filter.js":3,"./sort.js":7,"./storage.js":8}],6:[function(require,module,exports){
class MediaViewer {
    constructor(assets) {
        this.assets = assets
        this.index = 0
    }

    nextActive() {
        this.index = this.index === this.assets.length - 1 ? 0 : this.index + 1
        return [this.activeFile, this.index]
    }

    prevActive() {
        this.index = this.index === 0 ? this.assets.length - 1 : this.index -1
        return [this.activeFile, this.index]
    }

    get currentIndex() {
        return this.index
    }

    get activeFile() {
        return this.assets[this.index]
    }
}


const setup = (resultBody, assets) => {
    if (!assets.length) {
        resultBody.querySelector('.media').classList.add('hidden')
        return
    }

    const mediaViewer = new MediaViewer(assets)
    const container = resultBody.querySelector('.media-container')
    const leftArrow = resultBody.querySelector('.media-container__nav--left')
    const rightArrow = resultBody.querySelector('.media-container__nav--right')
    const mediaName = resultBody.querySelector('.media__name')
    const counter = resultBody.querySelector('.media__counter')
    const imageEl = resultBody.querySelector('img')
    const sourceEl = resultBody.querySelector('source')
    const videoEl = resultBody.querySelector('video')

    const setImg = (media, index) => {
        if (media?.format_type === 'image') {
            imageEl.src = media.path

            imageEl.classList.remove('hidden')
            videoEl.classList.add('hidden')
        } else if (media?.format_type === 'video') {
            sourceEl.src = media.path

            videoEl.classList.remove('hidden')
            imageEl.classList.add('hidden')
        }

        mediaName.innerText = media?.name
        counter.innerText = `${index + 1} / ${assets.length}`
    }
    setImg(mediaViewer.activeFile, mediaViewer.currentIndex)

    const moveLeft = () => {
        const [media, index] = mediaViewer.prevActive()
        setImg(media, index)
    }
    const doRight = () => {
        const [media, index] = mediaViewer.nextActive()
        setImg(media, index)
    }
    const openImg = () => {
        window.open(mediaViewer.activeFile.path, '_blank')
    }
    if (assets.length === 1) {
        container.classList.add('media-container--fullscreen')
    } else {
        leftArrow.addEventListener('click', moveLeft)
        rightArrow.addEventListener('click', doRight)
    }
    imageEl.addEventListener('click', openImg)
}

module.exports = {
    setup,
}

},{}],7:[function(require,module,exports){
const { manager } = require('./datamanager.js')
const storageModule = require('./storage.js')

const genericSort = (list, key, ascending, customOrder) => {
    let sorted
    if (customOrder) {
        sorted = list.sort((a, b) => {
            const aValue = a.result.toLowerCase()
            const bValue = b.result.toLowerCase()

            const aIndex = customOrder.findIndex((item) => item.toLowerCase() === aValue)
            const bIndex = customOrder.findIndex((item) => item.toLowerCase() === bValue)

            // Compare the indices to determine the sort order
            return aIndex - bIndex
        })
    } else {
        sorted = list.sort((a, b) => a[key] === b[key] ? 0 : a[key] > b[key] ? 1 : -1)
    }

    if (ascending) {
        sorted.reverse()
    }
    return sorted
}

const durationSort = (list, ascending) => {
    const parseDuration = (duration) => {
        if (duration.includes(':')) {
            // If it's in the format "HH:mm:ss"
            const [hours, minutes, seconds] = duration.split(':').map(Number)
            return (hours * 3600 + minutes * 60 + seconds) * 1000
        } else {
            // If it's in the format "nnn ms"
            return parseInt(duration)
        }
    }
    const sorted = list.sort((a, b) => parseDuration(a['duration']) - parseDuration(b['duration']))
    if (ascending) {
        sorted.reverse()
    }
    return sorted
}

const doInitSort = () => {
    const type = storageModule.getSort(manager.initialSort)
    const ascending = storageModule.getSortDirection()
    const list = manager.testSubset
    const initialOrder = ['Error', 'Failed', 'Rerun', 'XFailed', 'XPassed', 'Skipped', 'Passed']

    storageModule.setSort(type)
    storageModule.setSortDirection(ascending)

    if (type?.toLowerCase() === 'original') {
        manager.setRender(list)
    } else {
        let sortedList
        switch (type) {
        case 'duration':
            sortedList = durationSort(list, ascending)
            break
        case 'result':
            sortedList = genericSort(list, type, ascending, initialOrder)
            break
        default:
            sortedList = genericSort(list, type, ascending)
            break
        }
        manager.setRender(sortedList)
    }
}

const doSort = (type, skipDirection) => {
    const newSortType = storageModule.getSort(manager.initialSort) !== type
    const currentAsc = storageModule.getSortDirection()
    let ascending
    if (skipDirection) {
        ascending = currentAsc
    } else {
        ascending = newSortType ? false : !currentAsc
    }
    storageModule.setSort(type)
    storageModule.setSortDirection(ascending)

    const list = manager.testSubset
    const sortedList = type === 'duration' ? durationSort(list, ascending) : genericSort(list, type, ascending)
    manager.setRender(sortedList)
}

module.exports = {
    doInitSort,
    doSort,
}

},{"./datamanager.js":1,"./storage.js":8}],8:[function(require,module,exports){
const possibleFilters = [
    'passed',
    'skipped',
    'failed',
    'error',
    'xfailed',
    'xpassed',
    'rerun',
]

const getVisible = () => {
    const url = new URL(window.location.href)
    const settings = new URLSearchParams(url.search).get('visible')
    const lower = (item) => {
        const lowerItem = item.toLowerCase()
        if (possibleFilters.includes(lowerItem)) {
            return lowerItem
        }
        return null
    }
    return settings === null ?
        possibleFilters :
        [...new Set(settings?.split(',').map(lower).filter((item) => item))]
}

const hideCategory = (categoryToHide) => {
    const url = new URL(window.location.href)
    const visibleParams = new URLSearchParams(url.search).get('visible')
    const currentVisible = visibleParams ? visibleParams.split(',') : [...possibleFilters]
    const settings = [...new Set(currentVisible)].filter((f) => f !== categoryToHide).join(',')

    url.searchParams.set('visible', settings)
    window.history.pushState({}, null, unescape(url.href))
}

const showCategory = (categoryToShow) => {
    if (typeof window === 'undefined') {
        return
    }
    const url = new URL(window.location.href)
    const currentVisible = new URLSearchParams(url.search).get('visible')?.split(',').filter(Boolean) ||
        [...possibleFilters]
    const settings = [...new Set([categoryToShow, ...currentVisible])]
    const noFilter = possibleFilters.length === settings.length || !settings.length

    noFilter ? url.searchParams.delete('visible') : url.searchParams.set('visible', settings.join(','))
    window.history.pushState({}, null, unescape(url.href))
}

const getSort = (initialSort) => {
    const url = new URL(window.location.href)
    let sort = new URLSearchParams(url.search).get('sort')
    if (!sort) {
        sort = initialSort || 'result'
    }
    return sort
}

const setSort = (type) => {
    const url = new URL(window.location.href)
    url.searchParams.set('sort', type)
    window.history.pushState({}, null, unescape(url.href))
}

const getCollapsedCategory = (renderCollapsed) => {
    let categories
    if (typeof window !== 'undefined') {
        const url = new URL(window.location.href)
        const collapsedItems = new URLSearchParams(url.search).get('collapsed')
        switch (true) {
        case !renderCollapsed && collapsedItems === null:
            categories = ['passed']
            break
        case collapsedItems?.length === 0 || /^["']{2}$/.test(collapsedItems):
            categories = []
            break
        case /^all$/.test(collapsedItems) || collapsedItems === null && /^all$/.test(renderCollapsed):
            categories = [...possibleFilters]
            break
        default:
            categories = collapsedItems?.split(',').map((item) => item.toLowerCase()) || renderCollapsed
            break
        }
    } else {
        categories = []
    }
    return categories
}

const getSortDirection = () => JSON.parse(sessionStorage.getItem('sortAsc')) || false
const setSortDirection = (ascending) => sessionStorage.setItem('sortAsc', ascending)

const getCollapsedIds = () => JSON.parse(sessionStorage.getItem('collapsedIds')) || []
const setCollapsedIds = (list) => sessionStorage.setItem('collapsedIds', JSON.stringify(list))

module.exports = {
    getVisible,
    hideCategory,
    showCategory,
    getCollapsedIds,
    setCollapsedIds,
    getSort,
    setSort,
    getSortDirection,
    setSortDirection,
    getCollapsedCategory,
    possibleFilters,
}

},{}]},{},[4]);
    </script>
  </footer>
</html>